<?xml version="1.0" encoding="UTF-8"?>
<!-- Generated by org.testng.reporters.JUnitXMLReporter -->
<testsuite hostname="shantanu-pc" ignored="0" name="Default test" tests="3" failures="0" timestamp="14 Jun 2018 06:15:01 GMT" time="0.058" errors="0">
  <testcase name="@BeforeTest setup" time="0.0" classname="com.zimplistic.rotimatic.testcases.parallelPOC">
    <failure type="org.testng.TestNGException" message="
Parameter &amp;apos;platform&amp;apos; is required by BeforeTest on method setup but has not been marked @Optional or defined
in C:\Users\shantanu\AppData\Local\Temp\testng-eclipse--1401142763\testng-customsuite.xml">
      <![CDATA[org.testng.TestNGException: 
Parameter 'platform' is required by BeforeTest on method setup but has not been marked @Optional or defined
in C:\Users\shantanu\AppData\Local\Temp\testng-eclipse--1401142763\testng-customsuite.xml
at org.testng.internal.Parameters.createParams(Parameters.java:290)
at org.testng.internal.Parameters.createParametersForMethod(Parameters.java:359)
at org.testng.internal.Parameters.createParameters(Parameters.java:620)
at org.testng.internal.Parameters.createConfigurationParameters(Parameters.java:190)
at org.testng.internal.Invoker.invokeConfigurations(Invoker.java:209)
at org.testng.internal.Invoker.invokeConfigurations(Invoker.java:142)
at org.testng.TestRunner.beforeRun(TestRunner.java:529)
at org.testng.TestRunner.run(TestRunner.java:497)
at org.testng.SuiteRunner.runTest(SuiteRunner.java:455)
at org.testng.SuiteRunner.runSequentially(SuiteRunner.java:450)
at org.testng.SuiteRunner.privateRun(SuiteRunner.java:415)
at org.testng.SuiteRunner.run(SuiteRunner.java:364)
at org.testng.SuiteRunnerWorker.runSuite(SuiteRunnerWorker.java:52)
at org.testng.SuiteRunnerWorker.run(SuiteRunnerWorker.java:84)
at org.testng.TestNG.runSuitesSequentially(TestNG.java:1208)
at org.testng.TestNG.runSuitesLocally(TestNG.java:1137)
at org.testng.TestNG.runSuites(TestNG.java:1049)
at org.testng.TestNG.run(TestNG.java:1017)
at org.testng.remote.AbstractRemoteTestNG.run(AbstractRemoteTestNG.java:114)
at org.testng.remote.RemoteTestNG.initAndRun(RemoteTestNG.java:251)
at org.testng.remote.RemoteTestNG.main(RemoteTestNG.java:77)
]]>
    </failure>
  </testcase> <!-- @BeforeTest setup -->
  <testcase name="loginCheck" time="0.0" classname="com.zimplistic.rotimatic.testcases.parallelPOC">
    <skipped/>
  </testcase> <!-- loginCheck -->
  <testcase name="testLogin" time="0.0" classname="com.zimplistic.rotimatic.testcases.parallelPOC">
    <skipped/>
  </testcase> <!-- testLogin -->
  <testcase name="tearDown" time="0.0" classname="com.zimplistic.rotimatic.testcases.parallelPOC">
    <skipped/>
  </testcase> <!-- tearDown -->
</testsuite> <!-- Default test -->
