<?xml version="1.0" encoding="UTF-8"?>
<!-- Generated by org.testng.reporters.JUnitXMLReporter -->
<testsuite hostname="shantanu-pc" name="LoginTestSuite" tests="6" failures="3" timestamp="30 Jan 2017 14:11:43 GMT" time="167.415" errors="0">
  <testcase name="splashScreen" time="34.473" classname="com.zimplistic.rotimatic.login.BeginTest"/>
  <testcase name="webViewTest" time="47.417" classname="com.zimplistic.rotimatic.login.BeginTest"/>
  <testcase name="testLogin" time="52.996" classname="com.zimplistic.rotimatic.login.LoginTest"/>
  <testcase name="testInvalidLogin" time="10.536" classname="com.zimplistic.rotimatic.login.LoginTest">
    <failure type="org.openqa.selenium.NoSuchElementException" message="An element could not be located on the page using the given search parameters. (WARNING: The server did not provide any stacktrace information)
Command duration or timeout: 10.49 seconds
For documentation on this error, please visit: http://seleniumhq.org/exceptions/no_such_element.html
Build info: version: &amp;apos;2.53.0&amp;apos;, revision: &amp;apos;35ae25b&amp;apos;, time: &amp;apos;2016-03-15 17:00:58&amp;apos;
System info: host: &amp;apos;shantanu-pc&amp;apos;, ip: &amp;apos;172.21.31.166&amp;apos;, os.name: &amp;apos;Windows 7&amp;apos;, os.arch: &amp;apos;amd64&amp;apos;, os.version: &amp;apos;6.1&amp;apos;, java.version: &amp;apos;1.7.0_79&amp;apos;
*** Element info: {Using=id, value=com.zimplistic.rotimaticmobile:id/ivSignIn}
Session ID: 1a0e67d9-db9b-439f-aa75-fbfd285f5577
Driver info: io.appium.java_client.android.AndroidDriver
Capabilities [{platformVersion=5.1, platform=XP, databaseEnabled=false, javascriptEnabled=true, deviceName=TA09402DA2, platformName=Android, browserName=Android, app-package=com.zimplistic.rotimaticmobile, webStorageEnabled=false, networkConnectionEnabled=true, unicodeKeyboard=false, app-activity=com.zimplistic.rotimaticmobile.activity.SplashActivity, desired={platform=XP, platformName=Android, deviceName=test, app-package=com.zimplistic.rotimaticmobile, unicodeKeyboard=false, app-activity=com.zimplistic.rotimaticmobile.activity.SplashActivity, version=5.1}, locationContextEnabled=false, warnings={}, takesScreenshot=true, version=5.1}]">
      <![CDATA[org.openqa.selenium.NoSuchElementException: An element could not be located on the page using the given search parameters. (WARNING: The server did not provide any stacktrace information)
Command duration or timeout: 10.49 seconds
For documentation on this error, please visit: http://seleniumhq.org/exceptions/no_such_element.html
Build info: version: '2.53.0', revision: '35ae25b', time: '2016-03-15 17:00:58'
System info: host: 'shantanu-pc', ip: '172.21.31.166', os.name: 'Windows 7', os.arch: 'amd64', os.version: '6.1', java.version: '1.7.0_79'
*** Element info: {Using=id, value=com.zimplistic.rotimaticmobile:id/ivSignIn}
Session ID: 1a0e67d9-db9b-439f-aa75-fbfd285f5577
Driver info: io.appium.java_client.android.AndroidDriver
Capabilities [{platformVersion=5.1, platform=XP, databaseEnabled=false, javascriptEnabled=true, deviceName=TA09402DA2, platformName=Android, browserName=Android, app-package=com.zimplistic.rotimaticmobile, webStorageEnabled=false, networkConnectionEnabled=true, unicodeKeyboard=false, app-activity=com.zimplistic.rotimaticmobile.activity.SplashActivity, desired={platform=XP, platformName=Android, deviceName=test, app-package=com.zimplistic.rotimaticmobile, unicodeKeyboard=false, app-activity=com.zimplistic.rotimaticmobile.activity.SplashActivity, version=5.1}, locationContextEnabled=false, warnings={}, takesScreenshot=true, version=5.1}]
	at org.openqa.selenium.remote.ErrorHandler.createThrowable(ErrorHandler.java:206)
	at org.openqa.selenium.remote.ErrorHandler.throwIfResponseFailed(ErrorHandler.java:158)
	at org.openqa.selenium.remote.RemoteWebDriver.execute(RemoteWebDriver.java:678)
	at io.appium.java_client.AppiumDriver.execute(AppiumDriver.java:180)
	at org.openqa.selenium.remote.RemoteWebDriver.findElement(RemoteWebDriver.java:363)
	at org.openqa.selenium.remote.RemoteWebDriver.findElementById(RemoteWebDriver.java:413)
	at com.zimplistic.rotimatic.setup.BaseSetup.signIn(BaseSetup.java:65)
	at com.zimplistic.rotimatic.login.LoginTest.testInvalidLogin(LoginTest.java:21)
... Removed 28 stack frames]]>
    </failure>
  </testcase> <!-- testInvalidLogin -->
  <testcase name="updatePhone" time="10.278" classname="com.zimplistic.rotimatic.login.LoginTest">
    <failure type="org.openqa.selenium.NoSuchElementException" message="An element could not be located on the page using the given search parameters. (WARNING: The server did not provide any stacktrace information)
Command duration or timeout: 10.28 seconds
For documentation on this error, please visit: http://seleniumhq.org/exceptions/no_such_element.html
Build info: version: &amp;apos;2.53.0&amp;apos;, revision: &amp;apos;35ae25b&amp;apos;, time: &amp;apos;2016-03-15 17:00:58&amp;apos;
System info: host: &amp;apos;shantanu-pc&amp;apos;, ip: &amp;apos;172.21.31.166&amp;apos;, os.name: &amp;apos;Windows 7&amp;apos;, os.arch: &amp;apos;amd64&amp;apos;, os.version: &amp;apos;6.1&amp;apos;, java.version: &amp;apos;1.7.0_79&amp;apos;
*** Element info: {Using=id, value=com.zimplistic.rotimaticmobile:id/ivSignIn}
Session ID: 1a0e67d9-db9b-439f-aa75-fbfd285f5577
Driver info: io.appium.java_client.android.AndroidDriver
Capabilities [{platformVersion=5.1, platform=XP, databaseEnabled=false, javascriptEnabled=true, deviceName=TA09402DA2, platformName=Android, browserName=Android, app-package=com.zimplistic.rotimaticmobile, webStorageEnabled=false, networkConnectionEnabled=true, unicodeKeyboard=false, app-activity=com.zimplistic.rotimaticmobile.activity.SplashActivity, desired={platform=XP, platformName=Android, deviceName=test, app-package=com.zimplistic.rotimaticmobile, unicodeKeyboard=false, app-activity=com.zimplistic.rotimaticmobile.activity.SplashActivity, version=5.1}, locationContextEnabled=false, warnings={}, takesScreenshot=true, version=5.1}]">
      <![CDATA[org.openqa.selenium.NoSuchElementException: An element could not be located on the page using the given search parameters. (WARNING: The server did not provide any stacktrace information)
Command duration or timeout: 10.28 seconds
For documentation on this error, please visit: http://seleniumhq.org/exceptions/no_such_element.html
Build info: version: '2.53.0', revision: '35ae25b', time: '2016-03-15 17:00:58'
System info: host: 'shantanu-pc', ip: '172.21.31.166', os.name: 'Windows 7', os.arch: 'amd64', os.version: '6.1', java.version: '1.7.0_79'
*** Element info: {Using=id, value=com.zimplistic.rotimaticmobile:id/ivSignIn}
Session ID: 1a0e67d9-db9b-439f-aa75-fbfd285f5577
Driver info: io.appium.java_client.android.AndroidDriver
Capabilities [{platformVersion=5.1, platform=XP, databaseEnabled=false, javascriptEnabled=true, deviceName=TA09402DA2, platformName=Android, browserName=Android, app-package=com.zimplistic.rotimaticmobile, webStorageEnabled=false, networkConnectionEnabled=true, unicodeKeyboard=false, app-activity=com.zimplistic.rotimaticmobile.activity.SplashActivity, desired={platform=XP, platformName=Android, deviceName=test, app-package=com.zimplistic.rotimaticmobile, unicodeKeyboard=false, app-activity=com.zimplistic.rotimaticmobile.activity.SplashActivity, version=5.1}, locationContextEnabled=false, warnings={}, takesScreenshot=true, version=5.1}]
	at org.openqa.selenium.remote.ErrorHandler.createThrowable(ErrorHandler.java:206)
	at org.openqa.selenium.remote.ErrorHandler.throwIfResponseFailed(ErrorHandler.java:158)
	at org.openqa.selenium.remote.RemoteWebDriver.execute(RemoteWebDriver.java:678)
	at io.appium.java_client.AppiumDriver.execute(AppiumDriver.java:180)
	at org.openqa.selenium.remote.RemoteWebDriver.findElement(RemoteWebDriver.java:363)
	at org.openqa.selenium.remote.RemoteWebDriver.findElementById(RemoteWebDriver.java:413)
	at com.zimplistic.rotimatic.setup.BaseSetup.signIn(BaseSetup.java:65)
	at com.zimplistic.rotimatic.login.LoginTest.updatePhone(LoginTest.java:33)
... Removed 28 stack frames]]>
    </failure>
  </testcase> <!-- updatePhone -->
  <testcase name="quickHelp" time="11.54" classname="com.zimplistic.rotimatic.login.LoginTest">
    <failure type="org.openqa.selenium.NoSuchElementException" message="An element could not be located on the page using the given search parameters. (WARNING: The server did not provide any stacktrace information)
Command duration or timeout: 10.42 seconds
For documentation on this error, please visit: http://seleniumhq.org/exceptions/no_such_element.html
Build info: version: &amp;apos;2.53.0&amp;apos;, revision: &amp;apos;35ae25b&amp;apos;, time: &amp;apos;2016-03-15 17:00:58&amp;apos;
System info: host: &amp;apos;shantanu-pc&amp;apos;, ip: &amp;apos;172.21.31.166&amp;apos;, os.name: &amp;apos;Windows 7&amp;apos;, os.arch: &amp;apos;amd64&amp;apos;, os.version: &amp;apos;6.1&amp;apos;, java.version: &amp;apos;1.7.0_79&amp;apos;
*** Element info: {Using=id, value=com.zimplistic.rotimaticmobile:id/tileSupport}
Session ID: 1a0e67d9-db9b-439f-aa75-fbfd285f5577
Driver info: io.appium.java_client.android.AndroidDriver
Capabilities [{platformVersion=5.1, platform=XP, databaseEnabled=false, javascriptEnabled=true, deviceName=TA09402DA2, platformName=Android, browserName=Android, app-package=com.zimplistic.rotimaticmobile, webStorageEnabled=false, networkConnectionEnabled=true, unicodeKeyboard=false, app-activity=com.zimplistic.rotimaticmobile.activity.SplashActivity, desired={platform=XP, platformName=Android, deviceName=test, app-package=com.zimplistic.rotimaticmobile, unicodeKeyboard=false, app-activity=com.zimplistic.rotimaticmobile.activity.SplashActivity, version=5.1}, locationContextEnabled=false, warnings={}, takesScreenshot=true, version=5.1}]">
      <![CDATA[org.openqa.selenium.NoSuchElementException: An element could not be located on the page using the given search parameters. (WARNING: The server did not provide any stacktrace information)
Command duration or timeout: 10.42 seconds
For documentation on this error, please visit: http://seleniumhq.org/exceptions/no_such_element.html
Build info: version: '2.53.0', revision: '35ae25b', time: '2016-03-15 17:00:58'
System info: host: 'shantanu-pc', ip: '172.21.31.166', os.name: 'Windows 7', os.arch: 'amd64', os.version: '6.1', java.version: '1.7.0_79'
*** Element info: {Using=id, value=com.zimplistic.rotimaticmobile:id/tileSupport}
Session ID: 1a0e67d9-db9b-439f-aa75-fbfd285f5577
Driver info: io.appium.java_client.android.AndroidDriver
Capabilities [{platformVersion=5.1, platform=XP, databaseEnabled=false, javascriptEnabled=true, deviceName=TA09402DA2, platformName=Android, browserName=Android, app-package=com.zimplistic.rotimaticmobile, webStorageEnabled=false, networkConnectionEnabled=true, unicodeKeyboard=false, app-activity=com.zimplistic.rotimaticmobile.activity.SplashActivity, desired={platform=XP, platformName=Android, deviceName=test, app-package=com.zimplistic.rotimaticmobile, unicodeKeyboard=false, app-activity=com.zimplistic.rotimaticmobile.activity.SplashActivity, version=5.1}, locationContextEnabled=false, warnings={}, takesScreenshot=true, version=5.1}]
	at org.openqa.selenium.remote.ErrorHandler.createThrowable(ErrorHandler.java:206)
	at org.openqa.selenium.remote.ErrorHandler.throwIfResponseFailed(ErrorHandler.java:158)
	at org.openqa.selenium.remote.RemoteWebDriver.execute(RemoteWebDriver.java:678)
	at io.appium.java_client.AppiumDriver.execute(AppiumDriver.java:180)
	at org.openqa.selenium.remote.RemoteWebDriver.findElement(RemoteWebDriver.java:363)
	at org.openqa.selenium.remote.RemoteWebDriver.findElementById(RemoteWebDriver.java:413)
	at com.zimplistic.rotimatic.login.LoginTest.quickHelp(LoginTest.java:69)
... Removed 28 stack frames]]>
    </failure>
  </testcase> <!-- quickHelp -->
</testsuite> <!-- LoginTestSuite -->
