<?xml version="1.0" encoding="UTF-8"?>
<!-- Generated by org.testng.reporters.JUnitXMLReporter -->
<testsuite hostname="shantanu-pc" name="Test" tests="11" failures="11" timestamp="17 Jan 2018 12:59:23 GMT" time="226.178" errors="0">
  <testcase name="splashScreen" time="33.755" classname="com.zimplistic.rotimatic.login.BeginTest">
    <failure type="org.openqa.selenium.InvalidSelectorException" message="Locator Strategy &amp;apos;name&amp;apos; is not supported for this session (WARNING: The server did not provide any stacktrace information)
Command duration or timeout: 13 milliseconds
For documentation on this error, please visit: http://seleniumhq.org/exceptions/invalid_selector_exception.html
Build info: version: &amp;apos;2.53.0&amp;apos;, revision: &amp;apos;35ae25b&amp;apos;, time: &amp;apos;2016-03-15 17:00:58&amp;apos;
System info: host: &amp;apos;shantanu-pc&amp;apos;, ip: &amp;apos;169.254.224.138&amp;apos;, os.name: &amp;apos;Windows 7&amp;apos;, os.arch: &amp;apos;amd64&amp;apos;, os.version: &amp;apos;6.1&amp;apos;, java.version: &amp;apos;1.8.0_151&amp;apos;
Driver info: io.appium.java_client.android.AndroidDriver
Capabilities [{appPackage=com.zimplistic.rotimaticmobile, deviceScreenSize=1440x2560, networkConnectionEnabled=true, warnings={}, databaseEnabled=false, deviceName=c0c05fa8, version=7.1.1, platform=ANDROID, deviceUDID=c0c05fa8, appActivity=com.zimplistic.rotimaticmobile.activity.SplashActivity, desired={appPackage=com.zimplistic.rotimaticmobile, appActivity=com.zimplistic.rotimaticmobile.activity.SplashActivity, unicodeKeyboard=false, platformName=Android, deviceName=c0c05fa8, version=7.1.1, platform=ANDROID}, platformVersion=7.1.1, webStorageEnabled=false, locationContextEnabled=false, takesScreenshot=true, javascriptEnabled=true, deviceModel=Nexus 6, unicodeKeyboard=false, platformName=Android, deviceManufacturer=motorola}]
Session ID: ecc13750-44d5-4261-a55e-9937133076b9
*** Element info: {Using=name, value=Country}">
      <![CDATA[org.openqa.selenium.InvalidSelectorException: Locator Strategy 'name' is not supported for this session (WARNING: The server did not provide any stacktrace information)
Command duration or timeout: 13 milliseconds
For documentation on this error, please visit: http://seleniumhq.org/exceptions/invalid_selector_exception.html
Build info: version: '2.53.0', revision: '35ae25b', time: '2016-03-15 17:00:58'
System info: host: 'shantanu-pc', ip: '169.254.224.138', os.name: 'Windows 7', os.arch: 'amd64', os.version: '6.1', java.version: '1.8.0_151'
Driver info: io.appium.java_client.android.AndroidDriver
Capabilities [{appPackage=com.zimplistic.rotimaticmobile, deviceScreenSize=1440x2560, networkConnectionEnabled=true, warnings={}, databaseEnabled=false, deviceName=c0c05fa8, version=7.1.1, platform=ANDROID, deviceUDID=c0c05fa8, appActivity=com.zimplistic.rotimaticmobile.activity.SplashActivity, desired={appPackage=com.zimplistic.rotimaticmobile, appActivity=com.zimplistic.rotimaticmobile.activity.SplashActivity, unicodeKeyboard=false, platformName=Android, deviceName=c0c05fa8, version=7.1.1, platform=ANDROID}, platformVersion=7.1.1, webStorageEnabled=false, locationContextEnabled=false, takesScreenshot=true, javascriptEnabled=true, deviceModel=Nexus 6, unicodeKeyboard=false, platformName=Android, deviceManufacturer=motorola}]
Session ID: ecc13750-44d5-4261-a55e-9937133076b9
*** Element info: {Using=name, value=Country}
	at org.openqa.selenium.remote.ErrorHandler.createThrowable(ErrorHandler.java:206)
	at org.openqa.selenium.remote.ErrorHandler.throwIfResponseFailed(ErrorHandler.java:158)
	at org.openqa.selenium.remote.RemoteWebDriver.execute(RemoteWebDriver.java:678)
	at io.appium.java_client.AppiumDriver.execute(AppiumDriver.java:180)
	at org.openqa.selenium.remote.RemoteWebDriver.findElement(RemoteWebDriver.java:363)
	at org.openqa.selenium.remote.RemoteWebDriver.findElementByName(RemoteWebDriver.java:461)
	at com.zimplistic.rotimatic.login.BeginTest.signUp(BeginTest.java:38)
	at com.zimplistic.rotimatic.login.BeginTest.splashScreen(BeginTest.java:15)
... Removed 29 stack frames]]>
    </failure>
  </testcase> <!-- splashScreen -->
  <testcase name="webViewTest" time="10.209" classname="com.zimplistic.rotimatic.login.BeginTest">
    <failure type="org.openqa.selenium.NoSuchElementException" message="An element could not be located on the page using the given search parameters. (WARNING: The server did not provide any stacktrace information)
Command duration or timeout: 10.20 seconds
For documentation on this error, please visit: http://seleniumhq.org/exceptions/no_such_element.html
Build info: version: &amp;apos;2.53.0&amp;apos;, revision: &amp;apos;35ae25b&amp;apos;, time: &amp;apos;2016-03-15 17:00:58&amp;apos;
System info: host: &amp;apos;shantanu-pc&amp;apos;, ip: &amp;apos;169.254.224.138&amp;apos;, os.name: &amp;apos;Windows 7&amp;apos;, os.arch: &amp;apos;amd64&amp;apos;, os.version: &amp;apos;6.1&amp;apos;, java.version: &amp;apos;1.8.0_151&amp;apos;
Driver info: io.appium.java_client.android.AndroidDriver
Capabilities [{appPackage=com.zimplistic.rotimaticmobile, deviceScreenSize=1440x2560, networkConnectionEnabled=true, warnings={}, databaseEnabled=false, deviceName=c0c05fa8, version=7.1.1, platform=ANDROID, deviceUDID=c0c05fa8, appActivity=com.zimplistic.rotimaticmobile.activity.SplashActivity, desired={appPackage=com.zimplistic.rotimaticmobile, appActivity=com.zimplistic.rotimaticmobile.activity.SplashActivity, unicodeKeyboard=false, platformName=Android, deviceName=c0c05fa8, version=7.1.1, platform=ANDROID}, platformVersion=7.1.1, webStorageEnabled=false, locationContextEnabled=false, takesScreenshot=true, javascriptEnabled=true, deviceModel=Nexus 6, unicodeKeyboard=false, platformName=Android, deviceManufacturer=motorola}]
Session ID: ecc13750-44d5-4261-a55e-9937133076b9
*** Element info: {Using=id, value=com.zimplistic.rotimaticmobile:id/ivSignUp}">
      <![CDATA[org.openqa.selenium.NoSuchElementException: An element could not be located on the page using the given search parameters. (WARNING: The server did not provide any stacktrace information)
Command duration or timeout: 10.20 seconds
For documentation on this error, please visit: http://seleniumhq.org/exceptions/no_such_element.html
Build info: version: '2.53.0', revision: '35ae25b', time: '2016-03-15 17:00:58'
System info: host: 'shantanu-pc', ip: '169.254.224.138', os.name: 'Windows 7', os.arch: 'amd64', os.version: '6.1', java.version: '1.8.0_151'
Driver info: io.appium.java_client.android.AndroidDriver
Capabilities [{appPackage=com.zimplistic.rotimaticmobile, deviceScreenSize=1440x2560, networkConnectionEnabled=true, warnings={}, databaseEnabled=false, deviceName=c0c05fa8, version=7.1.1, platform=ANDROID, deviceUDID=c0c05fa8, appActivity=com.zimplistic.rotimaticmobile.activity.SplashActivity, desired={appPackage=com.zimplistic.rotimaticmobile, appActivity=com.zimplistic.rotimaticmobile.activity.SplashActivity, unicodeKeyboard=false, platformName=Android, deviceName=c0c05fa8, version=7.1.1, platform=ANDROID}, platformVersion=7.1.1, webStorageEnabled=false, locationContextEnabled=false, takesScreenshot=true, javascriptEnabled=true, deviceModel=Nexus 6, unicodeKeyboard=false, platformName=Android, deviceManufacturer=motorola}]
Session ID: ecc13750-44d5-4261-a55e-9937133076b9
*** Element info: {Using=id, value=com.zimplistic.rotimaticmobile:id/ivSignUp}
	at org.openqa.selenium.remote.ErrorHandler.createThrowable(ErrorHandler.java:206)
	at org.openqa.selenium.remote.ErrorHandler.throwIfResponseFailed(ErrorHandler.java:158)
	at org.openqa.selenium.remote.RemoteWebDriver.execute(RemoteWebDriver.java:678)
	at io.appium.java_client.AppiumDriver.execute(AppiumDriver.java:180)
	at org.openqa.selenium.remote.RemoteWebDriver.findElement(RemoteWebDriver.java:363)
	at org.openqa.selenium.remote.RemoteWebDriver.findElementById(RemoteWebDriver.java:413)
	at com.zimplistic.rotimatic.login.BeginTest.webViewTest(BeginTest.java:53)
... Removed 29 stack frames]]>
    </failure>
  </testcase> <!-- webViewTest -->
  <testcase name="skipLater" time="10.459" classname="com.zimplistic.rotimatic.login.BeginTest">
    <failure type="org.openqa.selenium.NoSuchElementException" message="An element could not be located on the page using the given search parameters. (WARNING: The server did not provide any stacktrace information)
Command duration or timeout: 10.46 seconds
For documentation on this error, please visit: http://seleniumhq.org/exceptions/no_such_element.html
Build info: version: &amp;apos;2.53.0&amp;apos;, revision: &amp;apos;35ae25b&amp;apos;, time: &amp;apos;2016-03-15 17:00:58&amp;apos;
System info: host: &amp;apos;shantanu-pc&amp;apos;, ip: &amp;apos;169.254.224.138&amp;apos;, os.name: &amp;apos;Windows 7&amp;apos;, os.arch: &amp;apos;amd64&amp;apos;, os.version: &amp;apos;6.1&amp;apos;, java.version: &amp;apos;1.8.0_151&amp;apos;
Driver info: io.appium.java_client.android.AndroidDriver
Capabilities [{appPackage=com.zimplistic.rotimaticmobile, deviceScreenSize=1440x2560, networkConnectionEnabled=true, warnings={}, databaseEnabled=false, deviceName=c0c05fa8, version=7.1.1, platform=ANDROID, deviceUDID=c0c05fa8, appActivity=com.zimplistic.rotimaticmobile.activity.SplashActivity, desired={appPackage=com.zimplistic.rotimaticmobile, appActivity=com.zimplistic.rotimaticmobile.activity.SplashActivity, unicodeKeyboard=false, platformName=Android, deviceName=c0c05fa8, version=7.1.1, platform=ANDROID}, platformVersion=7.1.1, webStorageEnabled=false, locationContextEnabled=false, takesScreenshot=true, javascriptEnabled=true, deviceModel=Nexus 6, unicodeKeyboard=false, platformName=Android, deviceManufacturer=motorola}]
Session ID: ecc13750-44d5-4261-a55e-9937133076b9
*** Element info: {Using=id, value=com.zimplistic.rotimaticmobile:id/tvSkipLogin}">
      <![CDATA[org.openqa.selenium.NoSuchElementException: An element could not be located on the page using the given search parameters. (WARNING: The server did not provide any stacktrace information)
Command duration or timeout: 10.46 seconds
For documentation on this error, please visit: http://seleniumhq.org/exceptions/no_such_element.html
Build info: version: '2.53.0', revision: '35ae25b', time: '2016-03-15 17:00:58'
System info: host: 'shantanu-pc', ip: '169.254.224.138', os.name: 'Windows 7', os.arch: 'amd64', os.version: '6.1', java.version: '1.8.0_151'
Driver info: io.appium.java_client.android.AndroidDriver
Capabilities [{appPackage=com.zimplistic.rotimaticmobile, deviceScreenSize=1440x2560, networkConnectionEnabled=true, warnings={}, databaseEnabled=false, deviceName=c0c05fa8, version=7.1.1, platform=ANDROID, deviceUDID=c0c05fa8, appActivity=com.zimplistic.rotimaticmobile.activity.SplashActivity, desired={appPackage=com.zimplistic.rotimaticmobile, appActivity=com.zimplistic.rotimaticmobile.activity.SplashActivity, unicodeKeyboard=false, platformName=Android, deviceName=c0c05fa8, version=7.1.1, platform=ANDROID}, platformVersion=7.1.1, webStorageEnabled=false, locationContextEnabled=false, takesScreenshot=true, javascriptEnabled=true, deviceModel=Nexus 6, unicodeKeyboard=false, platformName=Android, deviceManufacturer=motorola}]
Session ID: ecc13750-44d5-4261-a55e-9937133076b9
*** Element info: {Using=id, value=com.zimplistic.rotimaticmobile:id/tvSkipLogin}
	at org.openqa.selenium.remote.ErrorHandler.createThrowable(ErrorHandler.java:206)
	at org.openqa.selenium.remote.ErrorHandler.throwIfResponseFailed(ErrorHandler.java:158)
	at org.openqa.selenium.remote.RemoteWebDriver.execute(RemoteWebDriver.java:678)
	at io.appium.java_client.AppiumDriver.execute(AppiumDriver.java:180)
	at org.openqa.selenium.remote.RemoteWebDriver.findElement(RemoteWebDriver.java:363)
	at org.openqa.selenium.remote.RemoteWebDriver.findElementById(RemoteWebDriver.java:413)
	at com.zimplistic.rotimatic.login.BeginTest.skipLater(BeginTest.java:96)
... Removed 29 stack frames]]>
    </failure>
  </testcase> <!-- skipLater -->
  <testcase name="skipLaterVideosPlay" time="10.505" classname="com.zimplistic.rotimatic.login.BeginTest">
    <failure type="org.openqa.selenium.NoSuchElementException" message="An element could not be located on the page using the given search parameters. (WARNING: The server did not provide any stacktrace information)
Command duration or timeout: 10.50 seconds
For documentation on this error, please visit: http://seleniumhq.org/exceptions/no_such_element.html
Build info: version: &amp;apos;2.53.0&amp;apos;, revision: &amp;apos;35ae25b&amp;apos;, time: &amp;apos;2016-03-15 17:00:58&amp;apos;
System info: host: &amp;apos;shantanu-pc&amp;apos;, ip: &amp;apos;169.254.224.138&amp;apos;, os.name: &amp;apos;Windows 7&amp;apos;, os.arch: &amp;apos;amd64&amp;apos;, os.version: &amp;apos;6.1&amp;apos;, java.version: &amp;apos;1.8.0_151&amp;apos;
Driver info: io.appium.java_client.android.AndroidDriver
Capabilities [{appPackage=com.zimplistic.rotimaticmobile, deviceScreenSize=1440x2560, networkConnectionEnabled=true, warnings={}, databaseEnabled=false, deviceName=c0c05fa8, version=7.1.1, platform=ANDROID, deviceUDID=c0c05fa8, appActivity=com.zimplistic.rotimaticmobile.activity.SplashActivity, desired={appPackage=com.zimplistic.rotimaticmobile, appActivity=com.zimplistic.rotimaticmobile.activity.SplashActivity, unicodeKeyboard=false, platformName=Android, deviceName=c0c05fa8, version=7.1.1, platform=ANDROID}, platformVersion=7.1.1, webStorageEnabled=false, locationContextEnabled=false, takesScreenshot=true, javascriptEnabled=true, deviceModel=Nexus 6, unicodeKeyboard=false, platformName=Android, deviceManufacturer=motorola}]
Session ID: ecc13750-44d5-4261-a55e-9937133076b9
*** Element info: {Using=id, value=com.zimplistic.rotimaticmobile:id/tvSkipLogin}">
      <![CDATA[org.openqa.selenium.NoSuchElementException: An element could not be located on the page using the given search parameters. (WARNING: The server did not provide any stacktrace information)
Command duration or timeout: 10.50 seconds
For documentation on this error, please visit: http://seleniumhq.org/exceptions/no_such_element.html
Build info: version: '2.53.0', revision: '35ae25b', time: '2016-03-15 17:00:58'
System info: host: 'shantanu-pc', ip: '169.254.224.138', os.name: 'Windows 7', os.arch: 'amd64', os.version: '6.1', java.version: '1.8.0_151'
Driver info: io.appium.java_client.android.AndroidDriver
Capabilities [{appPackage=com.zimplistic.rotimaticmobile, deviceScreenSize=1440x2560, networkConnectionEnabled=true, warnings={}, databaseEnabled=false, deviceName=c0c05fa8, version=7.1.1, platform=ANDROID, deviceUDID=c0c05fa8, appActivity=com.zimplistic.rotimaticmobile.activity.SplashActivity, desired={appPackage=com.zimplistic.rotimaticmobile, appActivity=com.zimplistic.rotimaticmobile.activity.SplashActivity, unicodeKeyboard=false, platformName=Android, deviceName=c0c05fa8, version=7.1.1, platform=ANDROID}, platformVersion=7.1.1, webStorageEnabled=false, locationContextEnabled=false, takesScreenshot=true, javascriptEnabled=true, deviceModel=Nexus 6, unicodeKeyboard=false, platformName=Android, deviceManufacturer=motorola}]
Session ID: ecc13750-44d5-4261-a55e-9937133076b9
*** Element info: {Using=id, value=com.zimplistic.rotimaticmobile:id/tvSkipLogin}
	at org.openqa.selenium.remote.ErrorHandler.createThrowable(ErrorHandler.java:206)
	at org.openqa.selenium.remote.ErrorHandler.throwIfResponseFailed(ErrorHandler.java:158)
	at org.openqa.selenium.remote.RemoteWebDriver.execute(RemoteWebDriver.java:678)
	at io.appium.java_client.AppiumDriver.execute(AppiumDriver.java:180)
	at org.openqa.selenium.remote.RemoteWebDriver.findElement(RemoteWebDriver.java:363)
	at org.openqa.selenium.remote.RemoteWebDriver.findElementById(RemoteWebDriver.java:413)
	at com.zimplistic.rotimatic.login.BeginTest.skipLaterVideosPlay(BeginTest.java:119)
... Removed 29 stack frames]]>
    </failure>
  </testcase> <!-- skipLaterVideosPlay -->
  <testcase name="skipLaterChat" time="10.115" classname="com.zimplistic.rotimatic.login.BeginTest">
    <failure type="org.openqa.selenium.NoSuchElementException" message="An element could not be located on the page using the given search parameters. (WARNING: The server did not provide any stacktrace information)
Command duration or timeout: 10.11 seconds
For documentation on this error, please visit: http://seleniumhq.org/exceptions/no_such_element.html
Build info: version: &amp;apos;2.53.0&amp;apos;, revision: &amp;apos;35ae25b&amp;apos;, time: &amp;apos;2016-03-15 17:00:58&amp;apos;
System info: host: &amp;apos;shantanu-pc&amp;apos;, ip: &amp;apos;169.254.224.138&amp;apos;, os.name: &amp;apos;Windows 7&amp;apos;, os.arch: &amp;apos;amd64&amp;apos;, os.version: &amp;apos;6.1&amp;apos;, java.version: &amp;apos;1.8.0_151&amp;apos;
Driver info: io.appium.java_client.android.AndroidDriver
Capabilities [{appPackage=com.zimplistic.rotimaticmobile, deviceScreenSize=1440x2560, networkConnectionEnabled=true, warnings={}, databaseEnabled=false, deviceName=c0c05fa8, version=7.1.1, platform=ANDROID, deviceUDID=c0c05fa8, appActivity=com.zimplistic.rotimaticmobile.activity.SplashActivity, desired={appPackage=com.zimplistic.rotimaticmobile, appActivity=com.zimplistic.rotimaticmobile.activity.SplashActivity, unicodeKeyboard=false, platformName=Android, deviceName=c0c05fa8, version=7.1.1, platform=ANDROID}, platformVersion=7.1.1, webStorageEnabled=false, locationContextEnabled=false, takesScreenshot=true, javascriptEnabled=true, deviceModel=Nexus 6, unicodeKeyboard=false, platformName=Android, deviceManufacturer=motorola}]
Session ID: ecc13750-44d5-4261-a55e-9937133076b9
*** Element info: {Using=id, value=com.zimplistic.rotimaticmobile:id/tvSkipLogin}">
      <![CDATA[org.openqa.selenium.NoSuchElementException: An element could not be located on the page using the given search parameters. (WARNING: The server did not provide any stacktrace information)
Command duration or timeout: 10.11 seconds
For documentation on this error, please visit: http://seleniumhq.org/exceptions/no_such_element.html
Build info: version: '2.53.0', revision: '35ae25b', time: '2016-03-15 17:00:58'
System info: host: 'shantanu-pc', ip: '169.254.224.138', os.name: 'Windows 7', os.arch: 'amd64', os.version: '6.1', java.version: '1.8.0_151'
Driver info: io.appium.java_client.android.AndroidDriver
Capabilities [{appPackage=com.zimplistic.rotimaticmobile, deviceScreenSize=1440x2560, networkConnectionEnabled=true, warnings={}, databaseEnabled=false, deviceName=c0c05fa8, version=7.1.1, platform=ANDROID, deviceUDID=c0c05fa8, appActivity=com.zimplistic.rotimaticmobile.activity.SplashActivity, desired={appPackage=com.zimplistic.rotimaticmobile, appActivity=com.zimplistic.rotimaticmobile.activity.SplashActivity, unicodeKeyboard=false, platformName=Android, deviceName=c0c05fa8, version=7.1.1, platform=ANDROID}, platformVersion=7.1.1, webStorageEnabled=false, locationContextEnabled=false, takesScreenshot=true, javascriptEnabled=true, deviceModel=Nexus 6, unicodeKeyboard=false, platformName=Android, deviceManufacturer=motorola}]
Session ID: ecc13750-44d5-4261-a55e-9937133076b9
*** Element info: {Using=id, value=com.zimplistic.rotimaticmobile:id/tvSkipLogin}
	at org.openqa.selenium.remote.ErrorHandler.createThrowable(ErrorHandler.java:206)
	at org.openqa.selenium.remote.ErrorHandler.throwIfResponseFailed(ErrorHandler.java:158)
	at org.openqa.selenium.remote.RemoteWebDriver.execute(RemoteWebDriver.java:678)
	at io.appium.java_client.AppiumDriver.execute(AppiumDriver.java:180)
	at org.openqa.selenium.remote.RemoteWebDriver.findElement(RemoteWebDriver.java:363)
	at org.openqa.selenium.remote.RemoteWebDriver.findElementById(RemoteWebDriver.java:413)
	at com.zimplistic.rotimatic.login.BeginTest.skipLaterChat(BeginTest.java:187)
... Removed 29 stack frames]]>
    </failure>
  </testcase> <!-- skipLaterChat -->
  <testcase name="testLogin" time="35.404" classname="com.zimplistic.rotimatic.login.LoginTest">
    <failure type="org.openqa.selenium.InvalidSelectorException" message="Locator Strategy &amp;apos;name&amp;apos; is not supported for this session (WARNING: The server did not provide any stacktrace information)
Command duration or timeout: 7 milliseconds
For documentation on this error, please visit: http://seleniumhq.org/exceptions/invalid_selector_exception.html
Build info: version: &amp;apos;2.53.0&amp;apos;, revision: &amp;apos;35ae25b&amp;apos;, time: &amp;apos;2016-03-15 17:00:58&amp;apos;
System info: host: &amp;apos;shantanu-pc&amp;apos;, ip: &amp;apos;169.254.224.138&amp;apos;, os.name: &amp;apos;Windows 7&amp;apos;, os.arch: &amp;apos;amd64&amp;apos;, os.version: &amp;apos;6.1&amp;apos;, java.version: &amp;apos;1.8.0_151&amp;apos;
Driver info: io.appium.java_client.android.AndroidDriver
Capabilities [{appPackage=com.zimplistic.rotimaticmobile, deviceScreenSize=1440x2560, networkConnectionEnabled=true, warnings={}, databaseEnabled=false, deviceName=c0c05fa8, version=7.1.1, platform=ANDROID, deviceUDID=c0c05fa8, appActivity=com.zimplistic.rotimaticmobile.activity.SplashActivity, desired={appPackage=com.zimplistic.rotimaticmobile, appActivity=com.zimplistic.rotimaticmobile.activity.SplashActivity, unicodeKeyboard=false, platformName=Android, deviceName=c0c05fa8, version=7.1.1, platform=ANDROID}, platformVersion=7.1.1, webStorageEnabled=false, locationContextEnabled=false, takesScreenshot=true, javascriptEnabled=true, deviceModel=Nexus 6, unicodeKeyboard=false, platformName=Android, deviceManufacturer=motorola}]
Session ID: ff23eea4-4ad6-4f36-be1d-e43dc8a2cf05
*** Element info: {Using=name, value=Sign In}">
      <![CDATA[org.openqa.selenium.InvalidSelectorException: Locator Strategy 'name' is not supported for this session (WARNING: The server did not provide any stacktrace information)
Command duration or timeout: 7 milliseconds
For documentation on this error, please visit: http://seleniumhq.org/exceptions/invalid_selector_exception.html
Build info: version: '2.53.0', revision: '35ae25b', time: '2016-03-15 17:00:58'
System info: host: 'shantanu-pc', ip: '169.254.224.138', os.name: 'Windows 7', os.arch: 'amd64', os.version: '6.1', java.version: '1.8.0_151'
Driver info: io.appium.java_client.android.AndroidDriver
Capabilities [{appPackage=com.zimplistic.rotimaticmobile, deviceScreenSize=1440x2560, networkConnectionEnabled=true, warnings={}, databaseEnabled=false, deviceName=c0c05fa8, version=7.1.1, platform=ANDROID, deviceUDID=c0c05fa8, appActivity=com.zimplistic.rotimaticmobile.activity.SplashActivity, desired={appPackage=com.zimplistic.rotimaticmobile, appActivity=com.zimplistic.rotimaticmobile.activity.SplashActivity, unicodeKeyboard=false, platformName=Android, deviceName=c0c05fa8, version=7.1.1, platform=ANDROID}, platformVersion=7.1.1, webStorageEnabled=false, locationContextEnabled=false, takesScreenshot=true, javascriptEnabled=true, deviceModel=Nexus 6, unicodeKeyboard=false, platformName=Android, deviceManufacturer=motorola}]
Session ID: ff23eea4-4ad6-4f36-be1d-e43dc8a2cf05
*** Element info: {Using=name, value=Sign In}
	at org.openqa.selenium.remote.ErrorHandler.createThrowable(ErrorHandler.java:206)
	at org.openqa.selenium.remote.ErrorHandler.throwIfResponseFailed(ErrorHandler.java:158)
	at org.openqa.selenium.remote.RemoteWebDriver.execute(RemoteWebDriver.java:678)
	at io.appium.java_client.AppiumDriver.execute(AppiumDriver.java:180)
	at org.openqa.selenium.remote.RemoteWebDriver.findElement(RemoteWebDriver.java:363)
	at org.openqa.selenium.remote.RemoteWebDriver.findElementByName(RemoteWebDriver.java:461)
	at com.zimplistic.rotimatic.setup.BaseSetup.signIn(BaseSetup.java:62)
	at com.zimplistic.rotimatic.login.LoginTest.testLogin(LoginTest.java:15)
... Removed 29 stack frames]]>
    </failure>
  </testcase> <!-- testLogin -->
  <testcase name="testInvalidLogin" time="10.168" classname="com.zimplistic.rotimatic.login.LoginTest">
    <failure type="org.openqa.selenium.NoSuchElementException" message="An element could not be located on the page using the given search parameters. (WARNING: The server did not provide any stacktrace information)
Command duration or timeout: 10.17 seconds
For documentation on this error, please visit: http://seleniumhq.org/exceptions/no_such_element.html
Build info: version: &amp;apos;2.53.0&amp;apos;, revision: &amp;apos;35ae25b&amp;apos;, time: &amp;apos;2016-03-15 17:00:58&amp;apos;
System info: host: &amp;apos;shantanu-pc&amp;apos;, ip: &amp;apos;169.254.224.138&amp;apos;, os.name: &amp;apos;Windows 7&amp;apos;, os.arch: &amp;apos;amd64&amp;apos;, os.version: &amp;apos;6.1&amp;apos;, java.version: &amp;apos;1.8.0_151&amp;apos;
Driver info: io.appium.java_client.android.AndroidDriver
Capabilities [{appPackage=com.zimplistic.rotimaticmobile, deviceScreenSize=1440x2560, networkConnectionEnabled=true, warnings={}, databaseEnabled=false, deviceName=c0c05fa8, version=7.1.1, platform=ANDROID, deviceUDID=c0c05fa8, appActivity=com.zimplistic.rotimaticmobile.activity.SplashActivity, desired={appPackage=com.zimplistic.rotimaticmobile, appActivity=com.zimplistic.rotimaticmobile.activity.SplashActivity, unicodeKeyboard=false, platformName=Android, deviceName=c0c05fa8, version=7.1.1, platform=ANDROID}, platformVersion=7.1.1, webStorageEnabled=false, locationContextEnabled=false, takesScreenshot=true, javascriptEnabled=true, deviceModel=Nexus 6, unicodeKeyboard=false, platformName=Android, deviceManufacturer=motorola}]
Session ID: ff23eea4-4ad6-4f36-be1d-e43dc8a2cf05
*** Element info: {Using=id, value=com.zimplistic.rotimaticmobile:id/ivSignIn}">
      <![CDATA[org.openqa.selenium.NoSuchElementException: An element could not be located on the page using the given search parameters. (WARNING: The server did not provide any stacktrace information)
Command duration or timeout: 10.17 seconds
For documentation on this error, please visit: http://seleniumhq.org/exceptions/no_such_element.html
Build info: version: '2.53.0', revision: '35ae25b', time: '2016-03-15 17:00:58'
System info: host: 'shantanu-pc', ip: '169.254.224.138', os.name: 'Windows 7', os.arch: 'amd64', os.version: '6.1', java.version: '1.8.0_151'
Driver info: io.appium.java_client.android.AndroidDriver
Capabilities [{appPackage=com.zimplistic.rotimaticmobile, deviceScreenSize=1440x2560, networkConnectionEnabled=true, warnings={}, databaseEnabled=false, deviceName=c0c05fa8, version=7.1.1, platform=ANDROID, deviceUDID=c0c05fa8, appActivity=com.zimplistic.rotimaticmobile.activity.SplashActivity, desired={appPackage=com.zimplistic.rotimaticmobile, appActivity=com.zimplistic.rotimaticmobile.activity.SplashActivity, unicodeKeyboard=false, platformName=Android, deviceName=c0c05fa8, version=7.1.1, platform=ANDROID}, platformVersion=7.1.1, webStorageEnabled=false, locationContextEnabled=false, takesScreenshot=true, javascriptEnabled=true, deviceModel=Nexus 6, unicodeKeyboard=false, platformName=Android, deviceManufacturer=motorola}]
Session ID: ff23eea4-4ad6-4f36-be1d-e43dc8a2cf05
*** Element info: {Using=id, value=com.zimplistic.rotimaticmobile:id/ivSignIn}
	at org.openqa.selenium.remote.ErrorHandler.createThrowable(ErrorHandler.java:206)
	at org.openqa.selenium.remote.ErrorHandler.throwIfResponseFailed(ErrorHandler.java:158)
	at org.openqa.selenium.remote.RemoteWebDriver.execute(RemoteWebDriver.java:678)
	at io.appium.java_client.AppiumDriver.execute(AppiumDriver.java:180)
	at org.openqa.selenium.remote.RemoteWebDriver.findElement(RemoteWebDriver.java:363)
	at org.openqa.selenium.remote.RemoteWebDriver.findElementById(RemoteWebDriver.java:413)
	at com.zimplistic.rotimatic.setup.BaseSetup.signIn(BaseSetup.java:56)
	at com.zimplistic.rotimatic.login.LoginTest.testInvalidLogin(LoginTest.java:38)
... Removed 29 stack frames]]>
    </failure>
  </testcase> <!-- testInvalidLogin -->
  <testcase name="updatePhoneNumber" time="10.409" classname="com.zimplistic.rotimatic.login.LoginTest">
    <failure type="org.openqa.selenium.NoSuchElementException" message="An element could not be located on the page using the given search parameters. (WARNING: The server did not provide any stacktrace information)
Command duration or timeout: 10.41 seconds
For documentation on this error, please visit: http://seleniumhq.org/exceptions/no_such_element.html
Build info: version: &amp;apos;2.53.0&amp;apos;, revision: &amp;apos;35ae25b&amp;apos;, time: &amp;apos;2016-03-15 17:00:58&amp;apos;
System info: host: &amp;apos;shantanu-pc&amp;apos;, ip: &amp;apos;169.254.224.138&amp;apos;, os.name: &amp;apos;Windows 7&amp;apos;, os.arch: &amp;apos;amd64&amp;apos;, os.version: &amp;apos;6.1&amp;apos;, java.version: &amp;apos;1.8.0_151&amp;apos;
Driver info: io.appium.java_client.android.AndroidDriver
Capabilities [{appPackage=com.zimplistic.rotimaticmobile, deviceScreenSize=1440x2560, networkConnectionEnabled=true, warnings={}, databaseEnabled=false, deviceName=c0c05fa8, version=7.1.1, platform=ANDROID, deviceUDID=c0c05fa8, appActivity=com.zimplistic.rotimaticmobile.activity.SplashActivity, desired={appPackage=com.zimplistic.rotimaticmobile, appActivity=com.zimplistic.rotimaticmobile.activity.SplashActivity, unicodeKeyboard=false, platformName=Android, deviceName=c0c05fa8, version=7.1.1, platform=ANDROID}, platformVersion=7.1.1, webStorageEnabled=false, locationContextEnabled=false, takesScreenshot=true, javascriptEnabled=true, deviceModel=Nexus 6, unicodeKeyboard=false, platformName=Android, deviceManufacturer=motorola}]
Session ID: ff23eea4-4ad6-4f36-be1d-e43dc8a2cf05
*** Element info: {Using=id, value=com.zimplistic.rotimaticmobile:id/ivSignIn}">
      <![CDATA[org.openqa.selenium.NoSuchElementException: An element could not be located on the page using the given search parameters. (WARNING: The server did not provide any stacktrace information)
Command duration or timeout: 10.41 seconds
For documentation on this error, please visit: http://seleniumhq.org/exceptions/no_such_element.html
Build info: version: '2.53.0', revision: '35ae25b', time: '2016-03-15 17:00:58'
System info: host: 'shantanu-pc', ip: '169.254.224.138', os.name: 'Windows 7', os.arch: 'amd64', os.version: '6.1', java.version: '1.8.0_151'
Driver info: io.appium.java_client.android.AndroidDriver
Capabilities [{appPackage=com.zimplistic.rotimaticmobile, deviceScreenSize=1440x2560, networkConnectionEnabled=true, warnings={}, databaseEnabled=false, deviceName=c0c05fa8, version=7.1.1, platform=ANDROID, deviceUDID=c0c05fa8, appActivity=com.zimplistic.rotimaticmobile.activity.SplashActivity, desired={appPackage=com.zimplistic.rotimaticmobile, appActivity=com.zimplistic.rotimaticmobile.activity.SplashActivity, unicodeKeyboard=false, platformName=Android, deviceName=c0c05fa8, version=7.1.1, platform=ANDROID}, platformVersion=7.1.1, webStorageEnabled=false, locationContextEnabled=false, takesScreenshot=true, javascriptEnabled=true, deviceModel=Nexus 6, unicodeKeyboard=false, platformName=Android, deviceManufacturer=motorola}]
Session ID: ff23eea4-4ad6-4f36-be1d-e43dc8a2cf05
*** Element info: {Using=id, value=com.zimplistic.rotimaticmobile:id/ivSignIn}
	at org.openqa.selenium.remote.ErrorHandler.createThrowable(ErrorHandler.java:206)
	at org.openqa.selenium.remote.ErrorHandler.throwIfResponseFailed(ErrorHandler.java:158)
	at org.openqa.selenium.remote.RemoteWebDriver.execute(RemoteWebDriver.java:678)
	at io.appium.java_client.AppiumDriver.execute(AppiumDriver.java:180)
	at org.openqa.selenium.remote.RemoteWebDriver.findElement(RemoteWebDriver.java:363)
	at org.openqa.selenium.remote.RemoteWebDriver.findElementById(RemoteWebDriver.java:413)
	at com.zimplistic.rotimatic.setup.BaseSetup.signIn(BaseSetup.java:56)
	at com.zimplistic.rotimatic.login.LoginTest.updatePhoneNumber(LoginTest.java:49)
... Removed 29 stack frames]]>
    </failure>
  </testcase> <!-- updatePhoneNumber -->
  <testcase name="quickHelp" time="11.378" classname="com.zimplistic.rotimatic.login.LoginTest">
    <failure type="org.openqa.selenium.NoSuchElementException" message="An element could not be located on the page using the given search parameters. (WARNING: The server did not provide any stacktrace information)
Command duration or timeout: 10.33 seconds
For documentation on this error, please visit: http://seleniumhq.org/exceptions/no_such_element.html
Build info: version: &amp;apos;2.53.0&amp;apos;, revision: &amp;apos;35ae25b&amp;apos;, time: &amp;apos;2016-03-15 17:00:58&amp;apos;
System info: host: &amp;apos;shantanu-pc&amp;apos;, ip: &amp;apos;169.254.224.138&amp;apos;, os.name: &amp;apos;Windows 7&amp;apos;, os.arch: &amp;apos;amd64&amp;apos;, os.version: &amp;apos;6.1&amp;apos;, java.version: &amp;apos;1.8.0_151&amp;apos;
Driver info: io.appium.java_client.android.AndroidDriver
Capabilities [{appPackage=com.zimplistic.rotimaticmobile, deviceScreenSize=1440x2560, networkConnectionEnabled=true, warnings={}, databaseEnabled=false, deviceName=c0c05fa8, version=7.1.1, platform=ANDROID, deviceUDID=c0c05fa8, appActivity=com.zimplistic.rotimaticmobile.activity.SplashActivity, desired={appPackage=com.zimplistic.rotimaticmobile, appActivity=com.zimplistic.rotimaticmobile.activity.SplashActivity, unicodeKeyboard=false, platformName=Android, deviceName=c0c05fa8, version=7.1.1, platform=ANDROID}, platformVersion=7.1.1, webStorageEnabled=false, locationContextEnabled=false, takesScreenshot=true, javascriptEnabled=true, deviceModel=Nexus 6, unicodeKeyboard=false, platformName=Android, deviceManufacturer=motorola}]
Session ID: ff23eea4-4ad6-4f36-be1d-e43dc8a2cf05
*** Element info: {Using=id, value=com.zimplistic.rotimaticmobile:id/tileSupport}">
      <![CDATA[org.openqa.selenium.NoSuchElementException: An element could not be located on the page using the given search parameters. (WARNING: The server did not provide any stacktrace information)
Command duration or timeout: 10.33 seconds
For documentation on this error, please visit: http://seleniumhq.org/exceptions/no_such_element.html
Build info: version: '2.53.0', revision: '35ae25b', time: '2016-03-15 17:00:58'
System info: host: 'shantanu-pc', ip: '169.254.224.138', os.name: 'Windows 7', os.arch: 'amd64', os.version: '6.1', java.version: '1.8.0_151'
Driver info: io.appium.java_client.android.AndroidDriver
Capabilities [{appPackage=com.zimplistic.rotimaticmobile, deviceScreenSize=1440x2560, networkConnectionEnabled=true, warnings={}, databaseEnabled=false, deviceName=c0c05fa8, version=7.1.1, platform=ANDROID, deviceUDID=c0c05fa8, appActivity=com.zimplistic.rotimaticmobile.activity.SplashActivity, desired={appPackage=com.zimplistic.rotimaticmobile, appActivity=com.zimplistic.rotimaticmobile.activity.SplashActivity, unicodeKeyboard=false, platformName=Android, deviceName=c0c05fa8, version=7.1.1, platform=ANDROID}, platformVersion=7.1.1, webStorageEnabled=false, locationContextEnabled=false, takesScreenshot=true, javascriptEnabled=true, deviceModel=Nexus 6, unicodeKeyboard=false, platformName=Android, deviceManufacturer=motorola}]
Session ID: ff23eea4-4ad6-4f36-be1d-e43dc8a2cf05
*** Element info: {Using=id, value=com.zimplistic.rotimaticmobile:id/tileSupport}
	at org.openqa.selenium.remote.ErrorHandler.createThrowable(ErrorHandler.java:206)
	at org.openqa.selenium.remote.ErrorHandler.throwIfResponseFailed(ErrorHandler.java:158)
	at org.openqa.selenium.remote.RemoteWebDriver.execute(RemoteWebDriver.java:678)
	at io.appium.java_client.AppiumDriver.execute(AppiumDriver.java:180)
	at org.openqa.selenium.remote.RemoteWebDriver.findElement(RemoteWebDriver.java:363)
	at org.openqa.selenium.remote.RemoteWebDriver.findElementById(RemoteWebDriver.java:413)
	at com.zimplistic.rotimatic.login.LoginTest.quickHelp(LoginTest.java:93)
... Removed 29 stack frames]]>
    </failure>
  </testcase> <!-- quickHelp -->
  <testcase name="facebookLogin" time="48.25" classname="com.zimplistic.rotimatic.login.FacebookLogin">
    <failure type="org.openqa.selenium.InvalidSelectorException" message="Locator Strategy &amp;apos;name&amp;apos; is not supported for this session (WARNING: The server did not provide any stacktrace information)
Command duration or timeout: 17 milliseconds
For documentation on this error, please visit: http://seleniumhq.org/exceptions/invalid_selector_exception.html
Build info: version: &amp;apos;2.53.0&amp;apos;, revision: &amp;apos;35ae25b&amp;apos;, time: &amp;apos;2016-03-15 17:00:58&amp;apos;
System info: host: &amp;apos;shantanu-pc&amp;apos;, ip: &amp;apos;169.254.224.138&amp;apos;, os.name: &amp;apos;Windows 7&amp;apos;, os.arch: &amp;apos;amd64&amp;apos;, os.version: &amp;apos;6.1&amp;apos;, java.version: &amp;apos;1.8.0_151&amp;apos;
Driver info: io.appium.java_client.android.AndroidDriver
Capabilities [{appPackage=com.zimplistic.rotimaticmobile, deviceScreenSize=1440x2560, networkConnectionEnabled=true, warnings={}, databaseEnabled=false, deviceName=c0c05fa8, version=7.1.1, platform=ANDROID, deviceUDID=c0c05fa8, appActivity=com.zimplistic.rotimaticmobile.activity.SplashActivity, desired={appPackage=com.zimplistic.rotimaticmobile, appActivity=com.zimplistic.rotimaticmobile.activity.SplashActivity, unicodeKeyboard=false, platformName=Android, deviceName=c0c05fa8, version=7.1.1, platform=ANDROID}, platformVersion=7.1.1, webStorageEnabled=false, locationContextEnabled=false, takesScreenshot=true, javascriptEnabled=true, deviceModel=Nexus 6, unicodeKeyboard=false, platformName=Android, deviceManufacturer=motorola}]
Session ID: 862da156-5987-4808-8ec5-ffcc5593075a
*** Element info: {Using=name, value=Chat}">
      <![CDATA[org.openqa.selenium.InvalidSelectorException: Locator Strategy 'name' is not supported for this session (WARNING: The server did not provide any stacktrace information)
Command duration or timeout: 17 milliseconds
For documentation on this error, please visit: http://seleniumhq.org/exceptions/invalid_selector_exception.html
Build info: version: '2.53.0', revision: '35ae25b', time: '2016-03-15 17:00:58'
System info: host: 'shantanu-pc', ip: '169.254.224.138', os.name: 'Windows 7', os.arch: 'amd64', os.version: '6.1', java.version: '1.8.0_151'
Driver info: io.appium.java_client.android.AndroidDriver
Capabilities [{appPackage=com.zimplistic.rotimaticmobile, deviceScreenSize=1440x2560, networkConnectionEnabled=true, warnings={}, databaseEnabled=false, deviceName=c0c05fa8, version=7.1.1, platform=ANDROID, deviceUDID=c0c05fa8, appActivity=com.zimplistic.rotimaticmobile.activity.SplashActivity, desired={appPackage=com.zimplistic.rotimaticmobile, appActivity=com.zimplistic.rotimaticmobile.activity.SplashActivity, unicodeKeyboard=false, platformName=Android, deviceName=c0c05fa8, version=7.1.1, platform=ANDROID}, platformVersion=7.1.1, webStorageEnabled=false, locationContextEnabled=false, takesScreenshot=true, javascriptEnabled=true, deviceModel=Nexus 6, unicodeKeyboard=false, platformName=Android, deviceManufacturer=motorola}]
Session ID: 862da156-5987-4808-8ec5-ffcc5593075a
*** Element info: {Using=name, value=Chat}
	at org.openqa.selenium.remote.ErrorHandler.createThrowable(ErrorHandler.java:206)
	at org.openqa.selenium.remote.ErrorHandler.throwIfResponseFailed(ErrorHandler.java:158)
	at org.openqa.selenium.remote.RemoteWebDriver.execute(RemoteWebDriver.java:678)
	at io.appium.java_client.AppiumDriver.execute(AppiumDriver.java:180)
	at org.openqa.selenium.remote.RemoteWebDriver.findElement(RemoteWebDriver.java:363)
	at org.openqa.selenium.remote.RemoteWebDriver.findElementByName(RemoteWebDriver.java:461)
	at com.zimplistic.rotimatic.login.FacebookLogin.facebookLogin(FacebookLogin.java:46)
... Removed 29 stack frames]]>
    </failure>
  </testcase> <!-- facebookLogin -->
  <testcase name="chatScreen" time="35.41" classname="com.zimplistic.rotimatic.chat.ChatTab">
    <failure type="org.openqa.selenium.InvalidSelectorException" message="Locator Strategy &amp;apos;name&amp;apos; is not supported for this session (WARNING: The server did not provide any stacktrace information)
Command duration or timeout: 12 milliseconds
For documentation on this error, please visit: http://seleniumhq.org/exceptions/invalid_selector_exception.html
Build info: version: &amp;apos;2.53.0&amp;apos;, revision: &amp;apos;35ae25b&amp;apos;, time: &amp;apos;2016-03-15 17:00:58&amp;apos;
System info: host: &amp;apos;shantanu-pc&amp;apos;, ip: &amp;apos;169.254.224.138&amp;apos;, os.name: &amp;apos;Windows 7&amp;apos;, os.arch: &amp;apos;amd64&amp;apos;, os.version: &amp;apos;6.1&amp;apos;, java.version: &amp;apos;1.8.0_151&amp;apos;
Driver info: io.appium.java_client.android.AndroidDriver
Capabilities [{appPackage=com.zimplistic.rotimaticmobile, deviceScreenSize=1440x2560, networkConnectionEnabled=true, warnings={}, databaseEnabled=false, deviceName=c0c05fa8, version=7.1.1, platform=ANDROID, deviceUDID=c0c05fa8, appActivity=com.zimplistic.rotimaticmobile.activity.SplashActivity, desired={appPackage=com.zimplistic.rotimaticmobile, appActivity=com.zimplistic.rotimaticmobile.activity.SplashActivity, unicodeKeyboard=false, platformName=Android, deviceName=c0c05fa8, version=7.1.1, platform=ANDROID}, platformVersion=7.1.1, webStorageEnabled=false, locationContextEnabled=false, takesScreenshot=true, javascriptEnabled=true, deviceModel=Nexus 6, unicodeKeyboard=false, platformName=Android, deviceManufacturer=motorola}]
Session ID: a0ff9296-0bc8-499d-b7a9-d604e24026d3
*** Element info: {Using=name, value=Sign In}">
      <![CDATA[org.openqa.selenium.InvalidSelectorException: Locator Strategy 'name' is not supported for this session (WARNING: The server did not provide any stacktrace information)
Command duration or timeout: 12 milliseconds
For documentation on this error, please visit: http://seleniumhq.org/exceptions/invalid_selector_exception.html
Build info: version: '2.53.0', revision: '35ae25b', time: '2016-03-15 17:00:58'
System info: host: 'shantanu-pc', ip: '169.254.224.138', os.name: 'Windows 7', os.arch: 'amd64', os.version: '6.1', java.version: '1.8.0_151'
Driver info: io.appium.java_client.android.AndroidDriver
Capabilities [{appPackage=com.zimplistic.rotimaticmobile, deviceScreenSize=1440x2560, networkConnectionEnabled=true, warnings={}, databaseEnabled=false, deviceName=c0c05fa8, version=7.1.1, platform=ANDROID, deviceUDID=c0c05fa8, appActivity=com.zimplistic.rotimaticmobile.activity.SplashActivity, desired={appPackage=com.zimplistic.rotimaticmobile, appActivity=com.zimplistic.rotimaticmobile.activity.SplashActivity, unicodeKeyboard=false, platformName=Android, deviceName=c0c05fa8, version=7.1.1, platform=ANDROID}, platformVersion=7.1.1, webStorageEnabled=false, locationContextEnabled=false, takesScreenshot=true, javascriptEnabled=true, deviceModel=Nexus 6, unicodeKeyboard=false, platformName=Android, deviceManufacturer=motorola}]
Session ID: a0ff9296-0bc8-499d-b7a9-d604e24026d3
*** Element info: {Using=name, value=Sign In}
	at org.openqa.selenium.remote.ErrorHandler.createThrowable(ErrorHandler.java:206)
	at org.openqa.selenium.remote.ErrorHandler.throwIfResponseFailed(ErrorHandler.java:158)
	at org.openqa.selenium.remote.RemoteWebDriver.execute(RemoteWebDriver.java:678)
	at io.appium.java_client.AppiumDriver.execute(AppiumDriver.java:180)
	at org.openqa.selenium.remote.RemoteWebDriver.findElement(RemoteWebDriver.java:363)
	at org.openqa.selenium.remote.RemoteWebDriver.findElementByName(RemoteWebDriver.java:461)
	at com.zimplistic.rotimatic.setup.BaseSetup.signIn(BaseSetup.java:62)
	at com.zimplistic.rotimatic.chat.ChatTab.chatScreen(ChatTab.java:13)
... Removed 29 stack frames]]>
    </failure>
  </testcase> <!-- chatScreen -->
</testsuite> <!-- Test -->
