<?xml version="1.0" encoding="UTF-8"?>
<!-- Generated by org.testng.reporters.JUnitXMLReporter -->
<testsuite hostname="shantanu-pc" ignored="0" name="Test on Samsung S7" tests="5" failures="2" timestamp="29 Jun 2018 13:32:04 GMT" time="119.178" errors="0">
  <testcase name="setup" time="22.057" classname="com.zimplistic.rotimatic.testcases.RemoteControlWidget"/>
  <testcase name="testLogin" time="46.622" classname="com.zimplistic.rotimatic.testcases.RemoteControlWidget"/>
  <testcase name="settingsScreen" time="29.004" classname="com.zimplistic.rotimatic.testcases.RemoteControlWidget">
    <failure type="java.lang.AssertionError" message="User is not associated with any Rotimatic">
      <![CDATA[java.lang.AssertionError: User is not associated with any Rotimatic
at com.zimplistic.rotimatic.testcases.RemoteControlWidget.settingsScreen(RemoteControlWidget.java:126)
at java.util.concurrent.FutureTask.run(Unknown Source)
at java.util.concurrent.ThreadPoolExecutor.runWorker(Unknown Source)
at java.util.concurrent.ThreadPoolExecutor$Worker.run(Unknown Source)
at java.lang.Thread.run(Unknown Source)
... Removed 17 stack frames]]>
    </failure>
  </testcase> <!-- settingsScreen -->
  <testcase name="testRemoteControlState" time="21.441" classname="com.zimplistic.rotimatic.testcases.RemoteControlWidget">
    <failure type="org.openqa.selenium.NoSuchElementException" message="An element could not be located on the page using the given search parameters. (WARNING: The server did not provide any stacktrace information)
Command duration or timeout: 20.16 seconds
For documentation on this error, please visit: http://seleniumhq.org/exceptions/no_such_element.html
Build info: version: &amp;apos;2.53.0&amp;apos;, revision: &amp;apos;35ae25b&amp;apos;, time: &amp;apos;2016-03-15 17:00:58&amp;apos;
System info: host: &amp;apos;shantanu-pc&amp;apos;, ip: &amp;apos;169.254.224.138&amp;apos;, os.name: &amp;apos;Windows 7&amp;apos;, os.arch: &amp;apos;amd64&amp;apos;, os.version: &amp;apos;6.1&amp;apos;, java.version: &amp;apos;1.8.0_151&amp;apos;
Driver info: io.appium.java_client.android.AndroidDriver
Capabilities [{app=D:\Android\Sdk\build-tools\rc-4.6.apk, appPackage=com.zimplistic.rotimaticmobile, appActivity=com.zimplistic.rotimaticmobile.activity.SplashActivity, noReset=true, platformVersion=6, automationName=uiautomator2, unicodeKeyboard=false, udid=172.21.32.47:5555, platformName=Android, deviceName=Android test, platform=ANY, systemPort=8200}]
Session ID: 010c4c65-ee79-423e-82cd-643c7871c352
*** Element info: {Using=id, value=com.zimplistic.rotimaticmobile:id/tvRemoteStatus}">
      <![CDATA[org.openqa.selenium.NoSuchElementException: An element could not be located on the page using the given search parameters. (WARNING: The server did not provide any stacktrace information)
Command duration or timeout: 20.16 seconds
For documentation on this error, please visit: http://seleniumhq.org/exceptions/no_such_element.html
Build info: version: '2.53.0', revision: '35ae25b', time: '2016-03-15 17:00:58'
System info: host: 'shantanu-pc', ip: '169.254.224.138', os.name: 'Windows 7', os.arch: 'amd64', os.version: '6.1', java.version: '1.8.0_151'
Driver info: io.appium.java_client.android.AndroidDriver
Capabilities [{app=D:\Android\Sdk\build-tools\rc-4.6.apk, appPackage=com.zimplistic.rotimaticmobile, appActivity=com.zimplistic.rotimaticmobile.activity.SplashActivity, noReset=true, platformVersion=6, automationName=uiautomator2, unicodeKeyboard=false, udid=172.21.32.47:5555, platformName=Android, deviceName=Android test, platform=ANY, systemPort=8200}]
Session ID: 010c4c65-ee79-423e-82cd-643c7871c352
*** Element info: {Using=id, value=com.zimplistic.rotimaticmobile:id/tvRemoteStatus}
at org.openqa.selenium.remote.ErrorHandler.createThrowable(ErrorHandler.java:206)
at org.openqa.selenium.remote.ErrorHandler.throwIfResponseFailed(ErrorHandler.java:158)
at org.openqa.selenium.remote.RemoteWebDriver.execute(RemoteWebDriver.java:678)
at io.appium.java_client.DefaultGenericMobileDriver.execute(DefaultGenericMobileDriver.java:40)
at io.appium.java_client.AppiumDriver.execute(AppiumDriver.java:1)
at io.appium.java_client.android.AndroidDriver.execute(AndroidDriver.java:1)
at org.openqa.selenium.remote.RemoteWebDriver.findElement(RemoteWebDriver.java:363)
at io.appium.java_client.DefaultGenericMobileDriver.findElement(DefaultGenericMobileDriver.java:56)
at io.appium.java_client.AppiumDriver.findElement(AppiumDriver.java:1)
at io.appium.java_client.android.AndroidDriver.findElement(AndroidDriver.java:1)
at org.openqa.selenium.remote.RemoteWebDriver.findElementById(RemoteWebDriver.java:413)
at io.appium.java_client.DefaultGenericMobileDriver.findElementById(DefaultGenericMobileDriver.java:64)
at io.appium.java_client.AppiumDriver.findElementById(AppiumDriver.java:1)
at io.appium.java_client.android.AndroidDriver.findElementById(AndroidDriver.java:1)
at com.zimplistic.rotimatic.testcases.RemoteControlWidget.getCurrentRTState(RemoteControlWidget.java:227)
at com.zimplistic.rotimatic.testcases.RemoteControlWidget.testRemoteControlState(RemoteControlWidget.java:142)
at java.util.concurrent.FutureTask.run(Unknown Source)
at java.util.concurrent.ThreadPoolExecutor.runWorker(Unknown Source)
at java.util.concurrent.ThreadPoolExecutor$Worker.run(Unknown Source)
at java.lang.Thread.run(Unknown Source)
... Removed 20 stack frames]]>
    </failure>
  </testcase> <!-- testRemoteControlState -->
  <testcase name="testRotiCount" time="0.001" classname="com.zimplistic.rotimatic.testcases.RemoteControlWidget"/>
</testsuite> <!-- Test on Samsung S7 -->
