<?xml version="1.0" encoding="UTF-8"?>
<testsuite name="LoginTestSuite"
           tests="4"
           failures="3"
           errors="0"
           skipped="0"
           time="85.350">
  <properties />
            <testcase name="quickHelp" time="11.540" classname="com.zimplistic.rotimatic.login.LoginTest">
                <failure type="org.openqa.selenium.NoSuchElementException"
                  message="An element could not be located on the page using the given search parameters. (WARNING: The server did not provide any stacktrace information)
Command duration or timeout: 10.42 seconds
For documentation on this error, please visit: http://seleniumhq.org/exceptions/no_such_element.html
Build info: version: &apos;2.53.0&apos;, revision: &apos;35ae25b&apos;, time: &apos;2016-03-15 17:00:58&apos;
System info: host: &apos;shantanu-pc&apos;, ip: &apos;172.21.31.166&apos;, os.name: &apos;Windows 7&apos;, os.arch: &apos;amd64&apos;, os.version: &apos;6.1&apos;, java.version: &apos;1.7.0_79&apos;
*** Element info: {Using=id, value=com.zimplistic.rotimaticmobile:id/tileSupport}
Session ID: 1a0e67d9-db9b-439f-aa75-fbfd285f5577
Driver info: io.appium.java_client.android.AndroidDriver
Capabilities [{platformVersion=5.1, platform=XP, databaseEnabled=false, javascriptEnabled=true, deviceName=TA09402DA2, platformName=Android, browserName=Android, app-package=com.zimplistic.rotimaticmobile, webStorageEnabled=false, networkConnectionEnabled=true, unicodeKeyboard=false, app-activity=com.zimplistic.rotimaticmobile.activity.SplashActivity, desired={platform=XP, platformName=Android, deviceName=test, app-package=com.zimplistic.rotimaticmobile, unicodeKeyboard=false, app-activity=com.zimplistic.rotimaticmobile.activity.SplashActivity, version=5.1}, locationContextEnabled=false, warnings={}, takesScreenshot=true, version=5.1}]"
              >
<![CDATA[org.openqa.selenium.NoSuchElementException: An element could not be located on the page using the given search parameters. (WARNING: The server did not provide any stacktrace information)
Command duration or timeout: 10.42 seconds
For documentation on this error, please visit: http://seleniumhq.org/exceptions/no_such_element.html
Build info: version: '2.53.0', revision: '35ae25b', time: '2016-03-15 17:00:58'
System info: host: 'shantanu-pc', ip: '172.21.31.166', os.name: 'Windows 7', os.arch: 'amd64', os.version: '6.1', java.version: '1.7.0_79'
*** Element info: {Using=id, value=com.zimplistic.rotimaticmobile:id/tileSupport}
Session ID: 1a0e67d9-db9b-439f-aa75-fbfd285f5577
Driver info: io.appium.java_client.android.AndroidDriver
Capabilities [{platformVersion=5.1, platform=XP, databaseEnabled=false, javascriptEnabled=true, deviceName=TA09402DA2, platformName=Android, browserName=Android, app-package=com.zimplistic.rotimaticmobile, webStorageEnabled=false, networkConnectionEnabled=true, unicodeKeyboard=false, app-activity=com.zimplistic.rotimaticmobile.activity.SplashActivity, desired={platform=XP, platformName=Android, deviceName=test, app-package=com.zimplistic.rotimaticmobile, unicodeKeyboard=false, app-activity=com.zimplistic.rotimaticmobile.activity.SplashActivity, version=5.1}, locationContextEnabled=false, warnings={}, takesScreenshot=true, version=5.1}]
  sun.reflect.NativeConstructorAccessorImpl.newInstance0(Native Method)
  sun.reflect.NativeConstructorAccessorImpl.newInstance(Unknown Source)
  sun.reflect.DelegatingConstructorAccessorImpl.newInstance(Unknown Source)
  java.lang.reflect.Constructor.newInstance(Unknown Source)
  org.openqa.selenium.remote.ErrorHandler.createThrowable(ErrorHandler.java:206)
  org.openqa.selenium.remote.ErrorHandler.throwIfResponseFailed(ErrorHandler.java:158)
  org.openqa.selenium.remote.RemoteWebDriver.execute(RemoteWebDriver.java:678)
  io.appium.java_client.AppiumDriver.execute(AppiumDriver.java:180)
  org.openqa.selenium.remote.RemoteWebDriver.findElement(RemoteWebDriver.java:363)
  org.openqa.selenium.remote.RemoteWebDriver.findElementById(RemoteWebDriver.java:413)
  com.zimplistic.rotimatic.login.LoginTest.quickHelp(LoginTest.java:69)
  sun.reflect.NativeMethodAccessorImpl.invoke0(Native Method)
  sun.reflect.NativeMethodAccessorImpl.invoke(Unknown Source)
  sun.reflect.DelegatingMethodAccessorImpl.invoke(Unknown Source)
  java.lang.reflect.Method.invoke(Unknown Source)
  org.testng.internal.MethodInvocationHelper.invokeMethod(MethodInvocationHelper.java:85)
  org.testng.internal.Invoker.invokeMethod(Invoker.java:639)
  org.testng.internal.Invoker.invokeTestMethod(Invoker.java:816)
  org.testng.internal.Invoker.invokeTestMethods(Invoker.java:1124)
  org.testng.internal.TestMethodWorker.invokeTestMethods(TestMethodWorker.java:125)
  org.testng.internal.TestMethodWorker.run(TestMethodWorker.java:108)
  org.testng.TestRunner.privateRun(TestRunner.java:774)
  org.testng.TestRunner.run(TestRunner.java:624)
  org.testng.SuiteRunner.runTest(SuiteRunner.java:359)
  org.testng.SuiteRunner.runSequentially(SuiteRunner.java:354)
  org.testng.SuiteRunner.privateRun(SuiteRunner.java:312)
  org.testng.SuiteRunner.run(SuiteRunner.java:261)
  org.testng.SuiteRunnerWorker.runSuite(SuiteRunnerWorker.java:52)
  org.testng.SuiteRunnerWorker.run(SuiteRunnerWorker.java:86)
  org.testng.TestNG.runSuitesSequentially(TestNG.java:1215)
  org.testng.TestNG.runSuitesLocally(TestNG.java:1140)
  org.testng.TestNG.run(TestNG.java:1048)
  org.testng.remote.AbstractRemoteTestNG.run(AbstractRemoteTestNG.java:126)
  org.testng.remote.RemoteTestNG.initAndRun(RemoteTestNG.java:137)
  org.testng.remote.RemoteTestNG.main(RemoteTestNG.java:58)
]]>
      </failure>

          </testcase>
            <testcase name="testInvalidLogin" time="10.536" classname="com.zimplistic.rotimatic.login.LoginTest">
                <failure type="org.openqa.selenium.NoSuchElementException"
                  message="An element could not be located on the page using the given search parameters. (WARNING: The server did not provide any stacktrace information)
Command duration or timeout: 10.49 seconds
For documentation on this error, please visit: http://seleniumhq.org/exceptions/no_such_element.html
Build info: version: &apos;2.53.0&apos;, revision: &apos;35ae25b&apos;, time: &apos;2016-03-15 17:00:58&apos;
System info: host: &apos;shantanu-pc&apos;, ip: &apos;172.21.31.166&apos;, os.name: &apos;Windows 7&apos;, os.arch: &apos;amd64&apos;, os.version: &apos;6.1&apos;, java.version: &apos;1.7.0_79&apos;
*** Element info: {Using=id, value=com.zimplistic.rotimaticmobile:id/ivSignIn}
Session ID: 1a0e67d9-db9b-439f-aa75-fbfd285f5577
Driver info: io.appium.java_client.android.AndroidDriver
Capabilities [{platformVersion=5.1, platform=XP, databaseEnabled=false, javascriptEnabled=true, deviceName=TA09402DA2, platformName=Android, browserName=Android, app-package=com.zimplistic.rotimaticmobile, webStorageEnabled=false, networkConnectionEnabled=true, unicodeKeyboard=false, app-activity=com.zimplistic.rotimaticmobile.activity.SplashActivity, desired={platform=XP, platformName=Android, deviceName=test, app-package=com.zimplistic.rotimaticmobile, unicodeKeyboard=false, app-activity=com.zimplistic.rotimaticmobile.activity.SplashActivity, version=5.1}, locationContextEnabled=false, warnings={}, takesScreenshot=true, version=5.1}]"
              >
<![CDATA[org.openqa.selenium.NoSuchElementException: An element could not be located on the page using the given search parameters. (WARNING: The server did not provide any stacktrace information)
Command duration or timeout: 10.49 seconds
For documentation on this error, please visit: http://seleniumhq.org/exceptions/no_such_element.html
Build info: version: '2.53.0', revision: '35ae25b', time: '2016-03-15 17:00:58'
System info: host: 'shantanu-pc', ip: '172.21.31.166', os.name: 'Windows 7', os.arch: 'amd64', os.version: '6.1', java.version: '1.7.0_79'
*** Element info: {Using=id, value=com.zimplistic.rotimaticmobile:id/ivSignIn}
Session ID: 1a0e67d9-db9b-439f-aa75-fbfd285f5577
Driver info: io.appium.java_client.android.AndroidDriver
Capabilities [{platformVersion=5.1, platform=XP, databaseEnabled=false, javascriptEnabled=true, deviceName=TA09402DA2, platformName=Android, browserName=Android, app-package=com.zimplistic.rotimaticmobile, webStorageEnabled=false, networkConnectionEnabled=true, unicodeKeyboard=false, app-activity=com.zimplistic.rotimaticmobile.activity.SplashActivity, desired={platform=XP, platformName=Android, deviceName=test, app-package=com.zimplistic.rotimaticmobile, unicodeKeyboard=false, app-activity=com.zimplistic.rotimaticmobile.activity.SplashActivity, version=5.1}, locationContextEnabled=false, warnings={}, takesScreenshot=true, version=5.1}]
  sun.reflect.NativeConstructorAccessorImpl.newInstance0(Native Method)
  sun.reflect.NativeConstructorAccessorImpl.newInstance(Unknown Source)
  sun.reflect.DelegatingConstructorAccessorImpl.newInstance(Unknown Source)
  java.lang.reflect.Constructor.newInstance(Unknown Source)
  org.openqa.selenium.remote.ErrorHandler.createThrowable(ErrorHandler.java:206)
  org.openqa.selenium.remote.ErrorHandler.throwIfResponseFailed(ErrorHandler.java:158)
  org.openqa.selenium.remote.RemoteWebDriver.execute(RemoteWebDriver.java:678)
  io.appium.java_client.AppiumDriver.execute(AppiumDriver.java:180)
  org.openqa.selenium.remote.RemoteWebDriver.findElement(RemoteWebDriver.java:363)
  org.openqa.selenium.remote.RemoteWebDriver.findElementById(RemoteWebDriver.java:413)
  com.zimplistic.rotimatic.setup.BaseSetup.signIn(BaseSetup.java:65)
  com.zimplistic.rotimatic.login.LoginTest.testInvalidLogin(LoginTest.java:21)
  sun.reflect.NativeMethodAccessorImpl.invoke0(Native Method)
  sun.reflect.NativeMethodAccessorImpl.invoke(Unknown Source)
  sun.reflect.DelegatingMethodAccessorImpl.invoke(Unknown Source)
  java.lang.reflect.Method.invoke(Unknown Source)
  org.testng.internal.MethodInvocationHelper.invokeMethod(MethodInvocationHelper.java:85)
  org.testng.internal.Invoker.invokeMethod(Invoker.java:639)
  org.testng.internal.Invoker.invokeTestMethod(Invoker.java:816)
  org.testng.internal.Invoker.invokeTestMethods(Invoker.java:1124)
  org.testng.internal.TestMethodWorker.invokeTestMethods(TestMethodWorker.java:125)
  org.testng.internal.TestMethodWorker.run(TestMethodWorker.java:108)
  org.testng.TestRunner.privateRun(TestRunner.java:774)
  org.testng.TestRunner.run(TestRunner.java:624)
  org.testng.SuiteRunner.runTest(SuiteRunner.java:359)
  org.testng.SuiteRunner.runSequentially(SuiteRunner.java:354)
  org.testng.SuiteRunner.privateRun(SuiteRunner.java:312)
  org.testng.SuiteRunner.run(SuiteRunner.java:261)
  org.testng.SuiteRunnerWorker.runSuite(SuiteRunnerWorker.java:52)
  org.testng.SuiteRunnerWorker.run(SuiteRunnerWorker.java:86)
  org.testng.TestNG.runSuitesSequentially(TestNG.java:1215)
  org.testng.TestNG.runSuitesLocally(TestNG.java:1140)
  org.testng.TestNG.run(TestNG.java:1048)
  org.testng.remote.AbstractRemoteTestNG.run(AbstractRemoteTestNG.java:126)
  org.testng.remote.RemoteTestNG.initAndRun(RemoteTestNG.java:137)
  org.testng.remote.RemoteTestNG.main(RemoteTestNG.java:58)
]]>
      </failure>

          </testcase>
            <testcase name="updatePhone" time="10.278" classname="com.zimplistic.rotimatic.login.LoginTest">
                <failure type="org.openqa.selenium.NoSuchElementException"
                  message="An element could not be located on the page using the given search parameters. (WARNING: The server did not provide any stacktrace information)
Command duration or timeout: 10.28 seconds
For documentation on this error, please visit: http://seleniumhq.org/exceptions/no_such_element.html
Build info: version: &apos;2.53.0&apos;, revision: &apos;35ae25b&apos;, time: &apos;2016-03-15 17:00:58&apos;
System info: host: &apos;shantanu-pc&apos;, ip: &apos;172.21.31.166&apos;, os.name: &apos;Windows 7&apos;, os.arch: &apos;amd64&apos;, os.version: &apos;6.1&apos;, java.version: &apos;1.7.0_79&apos;
*** Element info: {Using=id, value=com.zimplistic.rotimaticmobile:id/ivSignIn}
Session ID: 1a0e67d9-db9b-439f-aa75-fbfd285f5577
Driver info: io.appium.java_client.android.AndroidDriver
Capabilities [{platformVersion=5.1, platform=XP, databaseEnabled=false, javascriptEnabled=true, deviceName=TA09402DA2, platformName=Android, browserName=Android, app-package=com.zimplistic.rotimaticmobile, webStorageEnabled=false, networkConnectionEnabled=true, unicodeKeyboard=false, app-activity=com.zimplistic.rotimaticmobile.activity.SplashActivity, desired={platform=XP, platformName=Android, deviceName=test, app-package=com.zimplistic.rotimaticmobile, unicodeKeyboard=false, app-activity=com.zimplistic.rotimaticmobile.activity.SplashActivity, version=5.1}, locationContextEnabled=false, warnings={}, takesScreenshot=true, version=5.1}]"
              >
<![CDATA[org.openqa.selenium.NoSuchElementException: An element could not be located on the page using the given search parameters. (WARNING: The server did not provide any stacktrace information)
Command duration or timeout: 10.28 seconds
For documentation on this error, please visit: http://seleniumhq.org/exceptions/no_such_element.html
Build info: version: '2.53.0', revision: '35ae25b', time: '2016-03-15 17:00:58'
System info: host: 'shantanu-pc', ip: '172.21.31.166', os.name: 'Windows 7', os.arch: 'amd64', os.version: '6.1', java.version: '1.7.0_79'
*** Element info: {Using=id, value=com.zimplistic.rotimaticmobile:id/ivSignIn}
Session ID: 1a0e67d9-db9b-439f-aa75-fbfd285f5577
Driver info: io.appium.java_client.android.AndroidDriver
Capabilities [{platformVersion=5.1, platform=XP, databaseEnabled=false, javascriptEnabled=true, deviceName=TA09402DA2, platformName=Android, browserName=Android, app-package=com.zimplistic.rotimaticmobile, webStorageEnabled=false, networkConnectionEnabled=true, unicodeKeyboard=false, app-activity=com.zimplistic.rotimaticmobile.activity.SplashActivity, desired={platform=XP, platformName=Android, deviceName=test, app-package=com.zimplistic.rotimaticmobile, unicodeKeyboard=false, app-activity=com.zimplistic.rotimaticmobile.activity.SplashActivity, version=5.1}, locationContextEnabled=false, warnings={}, takesScreenshot=true, version=5.1}]
  sun.reflect.NativeConstructorAccessorImpl.newInstance0(Native Method)
  sun.reflect.NativeConstructorAccessorImpl.newInstance(Unknown Source)
  sun.reflect.DelegatingConstructorAccessorImpl.newInstance(Unknown Source)
  java.lang.reflect.Constructor.newInstance(Unknown Source)
  org.openqa.selenium.remote.ErrorHandler.createThrowable(ErrorHandler.java:206)
  org.openqa.selenium.remote.ErrorHandler.throwIfResponseFailed(ErrorHandler.java:158)
  org.openqa.selenium.remote.RemoteWebDriver.execute(RemoteWebDriver.java:678)
  io.appium.java_client.AppiumDriver.execute(AppiumDriver.java:180)
  org.openqa.selenium.remote.RemoteWebDriver.findElement(RemoteWebDriver.java:363)
  org.openqa.selenium.remote.RemoteWebDriver.findElementById(RemoteWebDriver.java:413)
  com.zimplistic.rotimatic.setup.BaseSetup.signIn(BaseSetup.java:65)
  com.zimplistic.rotimatic.login.LoginTest.updatePhone(LoginTest.java:33)
  sun.reflect.NativeMethodAccessorImpl.invoke0(Native Method)
  sun.reflect.NativeMethodAccessorImpl.invoke(Unknown Source)
  sun.reflect.DelegatingMethodAccessorImpl.invoke(Unknown Source)
  java.lang.reflect.Method.invoke(Unknown Source)
  org.testng.internal.MethodInvocationHelper.invokeMethod(MethodInvocationHelper.java:85)
  org.testng.internal.Invoker.invokeMethod(Invoker.java:639)
  org.testng.internal.Invoker.invokeTestMethod(Invoker.java:816)
  org.testng.internal.Invoker.invokeTestMethods(Invoker.java:1124)
  org.testng.internal.TestMethodWorker.invokeTestMethods(TestMethodWorker.java:125)
  org.testng.internal.TestMethodWorker.run(TestMethodWorker.java:108)
  org.testng.TestRunner.privateRun(TestRunner.java:774)
  org.testng.TestRunner.run(TestRunner.java:624)
  org.testng.SuiteRunner.runTest(SuiteRunner.java:359)
  org.testng.SuiteRunner.runSequentially(SuiteRunner.java:354)
  org.testng.SuiteRunner.privateRun(SuiteRunner.java:312)
  org.testng.SuiteRunner.run(SuiteRunner.java:261)
  org.testng.SuiteRunnerWorker.runSuite(SuiteRunnerWorker.java:52)
  org.testng.SuiteRunnerWorker.run(SuiteRunnerWorker.java:86)
  org.testng.TestNG.runSuitesSequentially(TestNG.java:1215)
  org.testng.TestNG.runSuitesLocally(TestNG.java:1140)
  org.testng.TestNG.run(TestNG.java:1048)
  org.testng.remote.AbstractRemoteTestNG.run(AbstractRemoteTestNG.java:126)
  org.testng.remote.RemoteTestNG.initAndRun(RemoteTestNG.java:137)
  org.testng.remote.RemoteTestNG.main(RemoteTestNG.java:58)
]]>
      </failure>

          </testcase>
  
  
            <testcase name="testLogin" time="52.996" classname="com.zimplistic.rotimatic.login.LoginTest" />
      
</testsuite>
