<?xml version="1.0" encoding="UTF-8"?>
<testng-results skipped="0" failed="2" ignored="0" total="5" passed="3">
  <reporter-output>
  </reporter-output>
  <suite name="Suite" duration-ms="119178" started-at="2018-06-29T13:30:05Z" finished-at="2018-06-29T13:32:04Z">
    <groups>
    </groups>
    <test name="Test on Samsung S7" duration-ms="119178" started-at="2018-06-29T13:30:05Z" finished-at="2018-06-29T13:32:04Z">
      <class name="com.zimplistic.rotimatic.testcases.RemoteControlWidget">
        <test-method status="PASS" signature="setup(java.lang.String, java.lang.String, java.lang.String)[pri:0, instance:com.zimplistic.rotimatic.testcases.RemoteControlWidget@7c16905e]" name="setup" duration-ms="22057" started-at="2018-06-29T13:30:05Z" finished-at="2018-06-29T13:30:27Z">
          <params>
            <param index="0">
              <value>
                <![CDATA[Android 6]]>
              </value>
            </param>
            <param index="1">
              <value>
                <![CDATA[172.21.32.47:5555]]>
              </value>
            </param>
            <param index="2">
              <value>
                <![CDATA[8200]]>
              </value>
            </param>
          </params>
          <reporter-output>
          </reporter-output>
        </test-method> <!-- setup -->
        <test-method status="PASS" signature="testLogin(java.lang.String, java.lang.String)[pri:1, instance:com.zimplistic.rotimatic.testcases.RemoteControlWidget@7c16905e]" name="testLogin" duration-ms="46622" started-at="2018-06-29T13:30:27Z" finished-at="2018-06-29T13:31:14Z">
          <params>
            <param index="0">
              <value>
                <![CDATA[ ios5@mailinator.com]]>
              </value>
            </param>
            <param index="1">
              <value>
                <![CDATA[asdf]]>
              </value>
            </param>
          </params>
          <reporter-output>
          </reporter-output>
        </test-method> <!-- testLogin -->
        <test-method status="FAIL" signature="settingsScreen()[pri:2, instance:com.zimplistic.rotimatic.testcases.RemoteControlWidget@7c16905e]" name="settingsScreen" duration-ms="29004" started-at="2018-06-29T13:31:14Z" finished-at="2018-06-29T13:31:43Z">
          <exception class="java.lang.AssertionError">
            <message>
              <![CDATA[User is not associated with any Rotimatic]]>
            </message>
            <full-stacktrace>
              <![CDATA[java.lang.AssertionError: User is not associated with any Rotimatic
at org.testng.Assert.fail(Assert.java:96)
at com.zimplistic.rotimatic.testcases.RemoteControlWidget.settingsScreen(RemoteControlWidget.java:126)
at sun.reflect.NativeMethodAccessorImpl.invoke0(Native Method)
at sun.reflect.NativeMethodAccessorImpl.invoke(Unknown Source)
at sun.reflect.DelegatingMethodAccessorImpl.invoke(Unknown Source)
at java.lang.reflect.Method.invoke(Unknown Source)
at org.testng.internal.MethodInvocationHelper.invokeMethod(MethodInvocationHelper.java:124)
at org.testng.internal.Invoker.invokeMethod(Invoker.java:580)
at org.testng.internal.Invoker.invokeTestMethod(Invoker.java:716)
at org.testng.internal.Invoker.invokeTestMethods(Invoker.java:988)
at org.testng.internal.TestMethodWorker.invokeTestMethods(TestMethodWorker.java:125)
at org.testng.internal.TestMethodWorker.run(TestMethodWorker.java:109)
at org.testng.TestRunner.privateRun(TestRunner.java:648)
at org.testng.TestRunner.run(TestRunner.java:505)
at org.testng.SuiteRunner.runTest(SuiteRunner.java:455)
at org.testng.SuiteRunner.access$000(SuiteRunner.java:40)
at org.testng.SuiteRunner$SuiteWorker.run(SuiteRunner.java:489)
at org.testng.internal.thread.ThreadUtil$1.call(ThreadUtil.java:52)
at java.util.concurrent.FutureTask.run(Unknown Source)
at java.util.concurrent.ThreadPoolExecutor.runWorker(Unknown Source)
at java.util.concurrent.ThreadPoolExecutor$Worker.run(Unknown Source)
at java.lang.Thread.run(Unknown Source)
]]>
            </full-stacktrace>
          </exception> <!-- java.lang.AssertionError -->
          <reporter-output>
          </reporter-output>
        </test-method> <!-- settingsScreen -->
        <test-method status="FAIL" signature="testRemoteControlState()[pri:3, instance:com.zimplistic.rotimatic.testcases.RemoteControlWidget@7c16905e]" name="testRemoteControlState" duration-ms="21441" started-at="2018-06-29T13:31:43Z" finished-at="2018-06-29T13:32:04Z">
          <exception class="org.openqa.selenium.NoSuchElementException">
            <message>
              <![CDATA[An element could not be located on the page using the given search parameters. (WARNING: The server did not provide any stacktrace information)
Command duration or timeout: 20.16 seconds
For documentation on this error, please visit: http://seleniumhq.org/exceptions/no_such_element.html
Build info: version: '2.53.0', revision: '35ae25b', time: '2016-03-15 17:00:58'
System info: host: 'shantanu-pc', ip: '169.254.224.138', os.name: 'Windows 7', os.arch: 'amd64', os.version: '6.1', java.version: '1.8.0_151'
Driver info: io.appium.java_client.android.AndroidDriver
Capabilities [{app=D:\Android\Sdk\build-tools\rc-4.6.apk, appPackage=com.zimplistic.rotimaticmobile, appActivity=com.zimplistic.rotimaticmobile.activity.SplashActivity, noReset=true, platformVersion=6, automationName=uiautomator2, unicodeKeyboard=false, udid=172.21.32.47:5555, platformName=Android, deviceName=Android test, platform=ANY, systemPort=8200}]
Session ID: 010c4c65-ee79-423e-82cd-643c7871c352
*** Element info: {Using=id, value=com.zimplistic.rotimaticmobile:id/tvRemoteStatus}]]>
            </message>
            <full-stacktrace>
              <![CDATA[org.openqa.selenium.NoSuchElementException: An element could not be located on the page using the given search parameters. (WARNING: The server did not provide any stacktrace information)
Command duration or timeout: 20.16 seconds
For documentation on this error, please visit: http://seleniumhq.org/exceptions/no_such_element.html
Build info: version: '2.53.0', revision: '35ae25b', time: '2016-03-15 17:00:58'
System info: host: 'shantanu-pc', ip: '169.254.224.138', os.name: 'Windows 7', os.arch: 'amd64', os.version: '6.1', java.version: '1.8.0_151'
Driver info: io.appium.java_client.android.AndroidDriver
Capabilities [{app=D:\Android\Sdk\build-tools\rc-4.6.apk, appPackage=com.zimplistic.rotimaticmobile, appActivity=com.zimplistic.rotimaticmobile.activity.SplashActivity, noReset=true, platformVersion=6, automationName=uiautomator2, unicodeKeyboard=false, udid=172.21.32.47:5555, platformName=Android, deviceName=Android test, platform=ANY, systemPort=8200}]
Session ID: 010c4c65-ee79-423e-82cd-643c7871c352
*** Element info: {Using=id, value=com.zimplistic.rotimaticmobile:id/tvRemoteStatus}
at sun.reflect.NativeConstructorAccessorImpl.newInstance0(Native Method)
at sun.reflect.NativeConstructorAccessorImpl.newInstance(Unknown Source)
at sun.reflect.DelegatingConstructorAccessorImpl.newInstance(Unknown Source)
at java.lang.reflect.Constructor.newInstance(Unknown Source)
at org.openqa.selenium.remote.ErrorHandler.createThrowable(ErrorHandler.java:206)
at org.openqa.selenium.remote.ErrorHandler.throwIfResponseFailed(ErrorHandler.java:158)
at org.openqa.selenium.remote.RemoteWebDriver.execute(RemoteWebDriver.java:678)
at io.appium.java_client.DefaultGenericMobileDriver.execute(DefaultGenericMobileDriver.java:40)
at io.appium.java_client.AppiumDriver.execute(AppiumDriver.java:1)
at io.appium.java_client.android.AndroidDriver.execute(AndroidDriver.java:1)
at org.openqa.selenium.remote.RemoteWebDriver.findElement(RemoteWebDriver.java:363)
at io.appium.java_client.DefaultGenericMobileDriver.findElement(DefaultGenericMobileDriver.java:56)
at io.appium.java_client.AppiumDriver.findElement(AppiumDriver.java:1)
at io.appium.java_client.android.AndroidDriver.findElement(AndroidDriver.java:1)
at org.openqa.selenium.remote.RemoteWebDriver.findElementById(RemoteWebDriver.java:413)
at io.appium.java_client.DefaultGenericMobileDriver.findElementById(DefaultGenericMobileDriver.java:64)
at io.appium.java_client.AppiumDriver.findElementById(AppiumDriver.java:1)
at io.appium.java_client.android.AndroidDriver.findElementById(AndroidDriver.java:1)
at com.zimplistic.rotimatic.testcases.RemoteControlWidget.getCurrentRTState(RemoteControlWidget.java:227)
at com.zimplistic.rotimatic.testcases.RemoteControlWidget.testRemoteControlState(RemoteControlWidget.java:142)
at sun.reflect.NativeMethodAccessorImpl.invoke0(Native Method)
at sun.reflect.NativeMethodAccessorImpl.invoke(Unknown Source)
at sun.reflect.DelegatingMethodAccessorImpl.invoke(Unknown Source)
at java.lang.reflect.Method.invoke(Unknown Source)
at org.testng.internal.MethodInvocationHelper.invokeMethod(MethodInvocationHelper.java:124)
at org.testng.internal.Invoker.invokeMethod(Invoker.java:580)
at org.testng.internal.Invoker.invokeTestMethod(Invoker.java:716)
at org.testng.internal.Invoker.invokeTestMethods(Invoker.java:988)
at org.testng.internal.TestMethodWorker.invokeTestMethods(TestMethodWorker.java:125)
at org.testng.internal.TestMethodWorker.run(TestMethodWorker.java:109)
at org.testng.TestRunner.privateRun(TestRunner.java:648)
at org.testng.TestRunner.run(TestRunner.java:505)
at org.testng.SuiteRunner.runTest(SuiteRunner.java:455)
at org.testng.SuiteRunner.access$000(SuiteRunner.java:40)
at org.testng.SuiteRunner$SuiteWorker.run(SuiteRunner.java:489)
at org.testng.internal.thread.ThreadUtil$1.call(ThreadUtil.java:52)
at java.util.concurrent.FutureTask.run(Unknown Source)
at java.util.concurrent.ThreadPoolExecutor.runWorker(Unknown Source)
at java.util.concurrent.ThreadPoolExecutor$Worker.run(Unknown Source)
at java.lang.Thread.run(Unknown Source)
]]>
            </full-stacktrace>
          </exception> <!-- org.openqa.selenium.NoSuchElementException -->
          <reporter-output>
          </reporter-output>
        </test-method> <!-- testRemoteControlState -->
        <test-method status="PASS" signature="testRotiCount()[pri:4, instance:com.zimplistic.rotimatic.testcases.RemoteControlWidget@7c16905e]" name="testRotiCount" duration-ms="1" started-at="2018-06-29T13:32:04Z" finished-at="2018-06-29T13:32:04Z">
          <reporter-output>
          </reporter-output>
        </test-method> <!-- testRotiCount -->
        <test-method status="PASS" signature="teardown()[pri:0, instance:com.zimplistic.rotimatic.testcases.RemoteControlWidget@7c16905e]" name="teardown" is-config="true" duration-ms="0" started-at="2018-06-29T13:32:04Z" finished-at="2018-06-29T13:32:04Z">
          <reporter-output>
          </reporter-output>
        </test-method> <!-- teardown -->
      </class> <!-- com.zimplistic.rotimatic.testcases.RemoteControlWidget -->
    </test> <!-- Test on Samsung S7 -->
  </suite> <!-- Suite -->
</testng-results>
