<?xml version="1.0" encoding="UTF-8"?>
<!-- Generated by org.testng.reporters.JUnitReportReporter -->
<testsuite skipped="0" hostname="shantanu-pc" name="com.zimplistic.rotimatic.testcases.SamplePCloudyTestiOS" tests="1" failures="0" timestamp="28 Jun 2018 10:17:45 GMT" time="75.657" errors="1">
  <testcase name="testLogin" time="75.657" classname="com.zimplistic.rotimatic.testcases.SamplePCloudyTestiOS">
    <error type="org.openqa.selenium.NoSuchElementException" message="An element could not be located on the page using the given search parameters. (WARNING: The server did not provide any stacktrace information)
Command duration or timeout: 421 milliseconds
For documentation on this error, please visit: http://seleniumhq.org/exceptions/no_such_element.html
Build info: version: &#039;2.53.0&#039;, revision: &#039;35ae25b&#039;, time: &#039;2016-03-15 17:00:58&#039;
System info: host: &#039;shantanu-pc&#039;, ip: &#039;169.254.224.138&#039;, os.name: &#039;Windows 7&#039;, os.arch: &#039;amd64&#039;, os.version: &#039;6.1&#039;, java.version: &#039;1.8.0_151&#039;
Driver info: io.appium.java_client.ios.IOSDriver
Capabilities [{app=/Users/radmin/build/raid-data/data/user/50924/rid/Appium-Session-Thu-Jun-28-15:4-1530180951.cycle/iPadAir_10.0.1/RotimaticMobile.Resigned1530166431.ipa, rotatable=false, networkConnectionEnabled=false, bundleId=com.zimple.sg, xcodeConfigFile=/Users/radmin/build/private-rbox/appium.xcconfig, databaseEnabled=false, launchTimeout=90000, deviceName=78, usePrebuiltWDA=false, platform=MAC, acceptAlerts=true, newCommandTimeout=900, webStorageEnabled=false, locationContextEnabled=false, automationName=XCUITest, browserName=78, takesScreenshot=true, javascriptEnabled=true, platformName=iOS, udid=b0db7c28d720d0b17e95c15a7eea1f8a2c2effb3}]
Session ID: 62f6d29a-52c7-491c-8e0e-b7f7d528d8c2
*** Element info: {Using=xpath, value=//*[@label=&#039;sign in button&#039;]}">
      <![CDATA[org.openqa.selenium.NoSuchElementException: An element could not be located on the page using the given search parameters. (WARNING: The server did not provide any stacktrace information)
Command duration or timeout: 421 milliseconds
For documentation on this error, please visit: http://seleniumhq.org/exceptions/no_such_element.html
Build info: version: '2.53.0', revision: '35ae25b', time: '2016-03-15 17:00:58'
System info: host: 'shantanu-pc', ip: '169.254.224.138', os.name: 'Windows 7', os.arch: 'amd64', os.version: '6.1', java.version: '1.8.0_151'
Driver info: io.appium.java_client.ios.IOSDriver
Capabilities [{app=/Users/radmin/build/raid-data/data/user/50924/rid/Appium-Session-Thu-Jun-28-15:4-1530180951.cycle/iPadAir_10.0.1/RotimaticMobile.Resigned1530166431.ipa, rotatable=false, networkConnectionEnabled=false, bundleId=com.zimple.sg, xcodeConfigFile=/Users/radmin/build/private-rbox/appium.xcconfig, databaseEnabled=false, launchTimeout=90000, deviceName=78, usePrebuiltWDA=false, platform=MAC, acceptAlerts=true, newCommandTimeout=900, webStorageEnabled=false, locationContextEnabled=false, automationName=XCUITest, browserName=78, takesScreenshot=true, javascriptEnabled=true, platformName=iOS, udid=b0db7c28d720d0b17e95c15a7eea1f8a2c2effb3}]
Session ID: 62f6d29a-52c7-491c-8e0e-b7f7d528d8c2
*** Element info: {Using=xpath, value=//*[@label='sign in button']}
at sun.reflect.NativeConstructorAccessorImpl.newInstance0(Native Method)
at sun.reflect.NativeConstructorAccessorImpl.newInstance(Unknown Source)
at sun.reflect.DelegatingConstructorAccessorImpl.newInstance(Unknown Source)
at java.lang.reflect.Constructor.newInstance(Unknown Source)
at org.openqa.selenium.remote.ErrorHandler.createThrowable(ErrorHandler.java:206)
at org.openqa.selenium.remote.ErrorHandler.throwIfResponseFailed(ErrorHandler.java:158)
at org.openqa.selenium.remote.RemoteWebDriver.execute(RemoteWebDriver.java:678)
at io.appium.java_client.DefaultGenericMobileDriver.execute(DefaultGenericMobileDriver.java:40)
at io.appium.java_client.AppiumDriver.execute(AppiumDriver.java:1)
at io.appium.java_client.ios.IOSDriver.execute(IOSDriver.java:1)
at org.openqa.selenium.remote.RemoteWebDriver.findElement(RemoteWebDriver.java:363)
at io.appium.java_client.DefaultGenericMobileDriver.findElement(DefaultGenericMobileDriver.java:56)
at io.appium.java_client.AppiumDriver.findElement(AppiumDriver.java:1)
at io.appium.java_client.ios.IOSDriver.findElement(IOSDriver.java:1)
at org.openqa.selenium.remote.RemoteWebDriver.findElementByXPath(RemoteWebDriver.java:500)
at io.appium.java_client.DefaultGenericMobileDriver.findElementByXPath(DefaultGenericMobileDriver.java:134)
at io.appium.java_client.AppiumDriver.findElementByXPath(AppiumDriver.java:1)
at io.appium.java_client.ios.IOSDriver.findElementByXPath(IOSDriver.java:1)
at org.openqa.selenium.By$ByXPath.findElement(By.java:361)
at org.openqa.selenium.remote.RemoteWebDriver.findElement(RemoteWebDriver.java:355)
at io.appium.java_client.DefaultGenericMobileDriver.findElement(DefaultGenericMobileDriver.java:52)
at io.appium.java_client.AppiumDriver.findElement(AppiumDriver.java:1)
at io.appium.java_client.ios.IOSDriver.findElement(IOSDriver.java:1)
at com.zimplistic.rotimatic.testcases.SamplePCloudyTestiOS.testLogin(SamplePCloudyTestiOS.java:118)
at sun.reflect.NativeMethodAccessorImpl.invoke0(Native Method)
at sun.reflect.NativeMethodAccessorImpl.invoke(Unknown Source)
at sun.reflect.DelegatingMethodAccessorImpl.invoke(Unknown Source)
at java.lang.reflect.Method.invoke(Unknown Source)
at org.testng.internal.MethodInvocationHelper.invokeMethod(MethodInvocationHelper.java:124)
at org.testng.internal.Invoker.invokeMethod(Invoker.java:580)
at org.testng.internal.Invoker.invokeTestMethod(Invoker.java:716)
at org.testng.internal.Invoker.invokeTestMethods(Invoker.java:988)
at org.testng.internal.TestMethodWorker.invokeTestMethods(TestMethodWorker.java:125)
at org.testng.internal.TestMethodWorker.run(TestMethodWorker.java:109)
at org.testng.TestRunner.privateRun(TestRunner.java:648)
at org.testng.TestRunner.run(TestRunner.java:505)
at org.testng.SuiteRunner.runTest(SuiteRunner.java:455)
at org.testng.SuiteRunner.runSequentially(SuiteRunner.java:450)
at org.testng.SuiteRunner.privateRun(SuiteRunner.java:415)
at org.testng.SuiteRunner.run(SuiteRunner.java:364)
at org.testng.SuiteRunnerWorker.runSuite(SuiteRunnerWorker.java:52)
at org.testng.SuiteRunnerWorker.run(SuiteRunnerWorker.java:84)
at org.testng.TestNG.runSuitesSequentially(TestNG.java:1208)
at org.testng.TestNG.runSuitesLocally(TestNG.java:1137)
at org.testng.TestNG.runSuites(TestNG.java:1049)
at org.testng.TestNG.run(TestNG.java:1017)
at org.testng.remote.AbstractRemoteTestNG.run(AbstractRemoteTestNG.java:114)
at org.testng.remote.RemoteTestNG.initAndRun(RemoteTestNG.java:251)
at org.testng.remote.RemoteTestNG.main(RemoteTestNG.java:77)
]]>
    </error>
  </testcase> <!-- testLogin -->
</testsuite> <!-- com.zimplistic.rotimatic.testcases.SamplePCloudyTestiOS -->
