<?xml version="1.0" encoding="UTF-8"?>
<!-- Generated by org.testng.reporters.JUnitReportReporter -->
<testsuite hostname="shantanu-pc" name="com.zimplistic.rotimatic.login.NoNetworkTest" tests="1" failures="0" timestamp="26 Apr 2017 06:00:15 GMT" time="68.242" errors="1">
  <testcase name="noNetworkOnLandingScreen" time="68.242" classname="com.zimplistic.rotimatic.login.NoNetworkTest">
    <error type="org.openqa.selenium.NoSuchElementException" message="An element could not be located on the page using the given search parameters. (WARNING: The server did not provide any stacktrace information)
Command duration or timeout: 10.42 seconds
For documentation on this error, please visit: http://seleniumhq.org/exceptions/no_such_element.html
Build info: version: &#039;2.53.0&#039;, revision: &#039;35ae25b&#039;, time: &#039;2016-03-15 17:00:58&#039;
System info: host: &#039;shantanu-pc&#039;, ip: &#039;172.21.31.166&#039;, os.name: &#039;Windows 7&#039;, os.arch: &#039;amd64&#039;, os.version: &#039;6.1&#039;, java.version: &#039;1.7.0_79&#039;
*** Element info: {Using=id, value=com.zimplistic.rotimaticmobile:id/btnPlay}
Session ID: 942d36c1-c19a-43aa-a50f-388add63e524
Driver info: io.appium.java_client.android.AndroidDriver
Capabilities [{platformVersion=5.0.2, platform=XP, databaseEnabled=false, javascriptEnabled=true, deviceName=e45beac3, platformName=Android, browserName=Android, app-package=com.zimplistic.rotimaticmobile, webStorageEnabled=false, networkConnectionEnabled=true, unicodeKeyboard=false, app-activity=com.zimplistic.rotimaticmobile.activity.SplashActivity, desired={platform=XP, platformName=Android, deviceName=test, app-package=com.zimplistic.rotimaticmobile, unicodeKeyboard=false, app-activity=com.zimplistic.rotimaticmobile.activity.SplashActivity, version=5.1}, locationContextEnabled=false, warnings={}, takesScreenshot=true, version=5.1}]">
      <![CDATA[org.openqa.selenium.NoSuchElementException: An element could not be located on the page using the given search parameters. (WARNING: The server did not provide any stacktrace information)
Command duration or timeout: 10.42 seconds
For documentation on this error, please visit: http://seleniumhq.org/exceptions/no_such_element.html
Build info: version: '2.53.0', revision: '35ae25b', time: '2016-03-15 17:00:58'
System info: host: 'shantanu-pc', ip: '172.21.31.166', os.name: 'Windows 7', os.arch: 'amd64', os.version: '6.1', java.version: '1.7.0_79'
*** Element info: {Using=id, value=com.zimplistic.rotimaticmobile:id/btnPlay}
Session ID: 942d36c1-c19a-43aa-a50f-388add63e524
Driver info: io.appium.java_client.android.AndroidDriver
Capabilities [{platformVersion=5.0.2, platform=XP, databaseEnabled=false, javascriptEnabled=true, deviceName=e45beac3, platformName=Android, browserName=Android, app-package=com.zimplistic.rotimaticmobile, webStorageEnabled=false, networkConnectionEnabled=true, unicodeKeyboard=false, app-activity=com.zimplistic.rotimaticmobile.activity.SplashActivity, desired={platform=XP, platformName=Android, deviceName=test, app-package=com.zimplistic.rotimaticmobile, unicodeKeyboard=false, app-activity=com.zimplistic.rotimaticmobile.activity.SplashActivity, version=5.1}, locationContextEnabled=false, warnings={}, takesScreenshot=true, version=5.1}]
	at sun.reflect.NativeConstructorAccessorImpl.newInstance0(Native Method)
	at sun.reflect.NativeConstructorAccessorImpl.newInstance(Unknown Source)
	at sun.reflect.DelegatingConstructorAccessorImpl.newInstance(Unknown Source)
	at java.lang.reflect.Constructor.newInstance(Unknown Source)
	at org.openqa.selenium.remote.ErrorHandler.createThrowable(ErrorHandler.java:206)
	at org.openqa.selenium.remote.ErrorHandler.throwIfResponseFailed(ErrorHandler.java:158)
	at org.openqa.selenium.remote.RemoteWebDriver.execute(RemoteWebDriver.java:678)
	at io.appium.java_client.AppiumDriver.execute(AppiumDriver.java:180)
	at org.openqa.selenium.remote.RemoteWebDriver.findElement(RemoteWebDriver.java:363)
	at org.openqa.selenium.remote.RemoteWebDriver.findElementById(RemoteWebDriver.java:413)
	at com.zimplistic.rotimatic.login.NoNetworkTest.noNetworkOnLandingScreen(NoNetworkTest.java:23)
	at sun.reflect.NativeMethodAccessorImpl.invoke0(Native Method)
	at sun.reflect.NativeMethodAccessorImpl.invoke(Unknown Source)
	at sun.reflect.DelegatingMethodAccessorImpl.invoke(Unknown Source)
	at java.lang.reflect.Method.invoke(Unknown Source)
	at org.testng.internal.MethodInvocationHelper.invokeMethod(MethodInvocationHelper.java:86)
	at org.testng.internal.Invoker.invokeMethod(Invoker.java:646)
	at org.testng.internal.Invoker.invokeTestMethod(Invoker.java:823)
	at org.testng.internal.Invoker.invokeTestMethods(Invoker.java:1131)
	at org.testng.internal.TestMethodWorker.invokeTestMethods(TestMethodWorker.java:129)
	at org.testng.internal.TestMethodWorker.run(TestMethodWorker.java:112)
	at org.testng.TestRunner.privateRun(TestRunner.java:778)
	at org.testng.TestRunner.run(TestRunner.java:632)
	at org.testng.SuiteRunner.runTest(SuiteRunner.java:366)
	at org.testng.SuiteRunner.runSequentially(SuiteRunner.java:361)
	at org.testng.SuiteRunner.privateRun(SuiteRunner.java:319)
	at org.testng.SuiteRunner.run(SuiteRunner.java:268)
	at org.testng.SuiteRunnerWorker.runSuite(SuiteRunnerWorker.java:52)
	at org.testng.SuiteRunnerWorker.run(SuiteRunnerWorker.java:86)
	at org.testng.TestNG.runSuitesSequentially(TestNG.java:1225)
	at org.testng.TestNG.runSuitesLocally(TestNG.java:1150)
	at org.testng.TestNG.runSuites(TestNG.java:1075)
	at org.testng.TestNG.run(TestNG.java:1047)
	at org.testng.remote.AbstractRemoteTestNG.run(AbstractRemoteTestNG.java:126)
	at org.testng.remote.RemoteTestNG.initAndRun(RemoteTestNG.java:137)
	at org.testng.remote.RemoteTestNG.main(RemoteTestNG.java:58)
]]>
    </error>
  </testcase> <!-- noNetworkOnLandingScreen -->
</testsuite> <!-- com.zimplistic.rotimatic.login.NoNetworkTest -->
